  RCC ../qgroundcontrol.qrc
  qrc_qgroundcontrol.cpp
  QGroundControl.vcxproj -> D:\UAV\GCS\UNIST_GCS-Qt5.9.3\build\debug\QGroundControl.exe
  QGroundControl.vcxproj -> debug\QGroundControl.pdb (Full PDB)
  Copying files 
  167 File(s) copied
          1 file(s) copied.
          1 file(s) copied.
          1 file(s) copied.
          1 file(s) copied.
  D:\UAV\GCS\UNIST_GCS-Qt5.9.3\build\debug\QGroundControl.exe 32 bit, debug executable [QML]
  Scanning ..\src:
  QML imports:
    'QtQuick' C:\Qt\5.9.3\msvc2015\qml\QtQuick.2
    'QtQuick.Controls' C:\Qt\5.9.3\msvc2015\qml\QtQuick\Controls
    'QtQuick.PrivateWidgets' C:\Qt\5.9.3\msvc2015\qml\QtQuick\PrivateWidgets
    'QtQuick.Controls.Styles' C:\Qt\5.9.3\msvc2015\qml\QtQuick\Controls\Styles
    'QtQuick.Window' C:\Qt\5.9.3\msvc2015\qml\QtQuick\Window.2
    'QtQuick.Layouts' C:\Qt\5.9.3\msvc2015\qml\QtQuick\Layouts
    'QtQuick.Dialogs' C:\Qt\5.9.3\msvc2015\qml\QtQuick\Dialogs
    'Qt.labs.folderlistmodel' C:\Qt\5.9.3\msvc2015\qml\Qt\labs\folderlistmodel
    'Qt.labs.settings' C:\Qt\5.9.3\msvc2015\qml\Qt\labs\settings
    'QtQuick.Dialogs.Private' C:\Qt\5.9.3\msvc2015\qml\QtQuick\Dialogs\Private
    'QtGraphicalEffects' C:\Qt\5.9.3\msvc2015\qml\QtGraphicalEffects
    'QtGraphicalEffects/private' C:\Qt\5.9.3\msvc2015\qml\QtGraphicalEffects\private
    'QtCharts' C:\Qt\5.9.3\msvc2015\qml\QtCharts
    'QtLocation' C:\Qt\5.9.3\msvc2015\qml\QtLocation
    'QtPositioning' C:\Qt\5.9.3\msvc2015\qml\QtPositioning
    'QtMultimedia' C:\Qt\5.9.3\msvc2015\qml\QtMultimedia
    'QtQml.Models' C:\Qt\5.9.3\msvc2015\qml\QtQml\Models.2
    'QtQuick.Controls.Private' C:\Qt\5.9.3\msvc2015\qml\QtQuick\Controls\Private
    'QtQuick.Extras' C:\Qt\5.9.3\msvc2015\qml\QtQuick\Extras
    'QtQml' C:\Qt\5.9.3\msvc2015\qml\QtQml
    'QtQuick.Controls' C:\Qt\5.9.3\msvc2015\qml\QtQuick\Controls.2
    'QtQuick.Templates' C:\Qt\5.9.3\msvc2015\qml\QtQuick\Templates.2
    'QtQuick.Extras.Private' C:\Qt\5.9.3\msvc2015\qml\QtQuick\Extras\Private
    'QtQuick.Controls.Material' C:\Qt\5.9.3\msvc2015\qml\QtQuick\Controls.2\Material
    'QtQuick.Controls.Universal' C:\Qt\5.9.3\msvc2015\qml\QtQuick\Controls.2\Universal
  Direct dependencies: Qt5Core Qt5Gui Qt5Multimedia Qt5Network Qt5Positioning Qt5Qml Qt5Quick Qt5QuickWidgets Qt5SerialPort Qt5Sql Qt5Svg Qt5Test Qt5Widgets Qt5Xml Qt5Location Qt5TextToSpeech
  All dependencies   : Qt5Core Qt5Gui Qt5Multimedia Qt5MultimediaQuick_p Qt5Network Qt5Positioning Qt5Qml Qt5Quick Qt5QuickWidgets Qt5SerialPort Qt5Sql Qt5Svg Qt5Test Qt5Widgets Qt5Xml Qt5Location Qt5TextToSpeech
  To be deployed     : Qt5Core Qt5Gui Qt5Multimedia Qt5MultimediaQuick_p Qt5Network Qt5Positioning Qt5Qml Qt5Quick Qt5QuickWidgets Qt5SerialPort Qt5Sql Qt5Svg Qt5Test Qt5Widgets Qt5Xml Qt5Location Qt5TextToSpeech
  Qt5Chartsd.dll is up to date.
  Qt5RemoteObjectsd.dll is up to date.
  Qt5QuickControls2d.dll is up to date.
  Qt5QuickTemplates2d.dll is up to date.
  Qt5Cored.dll is up to date.
  Qt5Guid.dll is up to date.
  Qt5Multimediad.dll is up to date.
  Qt5MultimediaQuick_pd.dll is up to date.
  Qt5Networkd.dll is up to date.
  Qt5Positioningd.dll is up to date.
  Qt5Qmld.dll is up to date.
  Qt5Quickd.dll is up to date.
  Qt5QuickWidgetsd.dll is up to date.
  Qt5SerialPortd.dll is up to date.
  Qt5Sqld.dll is up to date.
  Qt5Svgd.dll is up to date.
  Qt5Testd.dll is up to date.
  Qt5Widgetsd.dll is up to date.
  Qt5Xmld.dll is up to date.
  Qt5Locationd.dll is up to date.
  Qt5TextToSpeechd.dll is up to date.
  libGLESV2d.dll is up to date.
  libEGLd.dll is up to date.
  D3Dcompiler_47.dll is up to date.
  opengl32sw.dll is up to date.
  Patching Qt5Cored.dll...
  qtaudio_wasapid.dll is up to date.
  qtaudio_windowsd.dll is up to date.
  qgenericbearerd.dll is up to date.
  qnativewifibearerd.dll is up to date.
  qtgeoservices_esrid.dll is up to date.
  qtgeoservices_itemsoverlayd.dll is up to date.
  qtgeoservices_mapboxd.dll is up to date.
  qtgeoservices_nokiad.dll is up to date.
  qtgeoservices_osmd.dll is up to date.
  qsvgicond.dll is up to date.
  qgifd.dll is up to date.
  qicnsd.dll is up to date.
  qicod.dll is up to date.
  qjpegd.dll is up to date.
  qsvgd.dll is up to date.
  qtgad.dll is up to date.
  qtiffd.dll is up to date.
  qwbmpd.dll is up to date.
  qwebpd.dll is up to date.
  dsengined.dll is up to date.
  qtmedia_audioengined.dll is up to date.
  wmfengined.dll is up to date.
  qtvirtualkeyboardplugind.dll is up to date.
  qwindowsd.dll is up to date.
  qtmultimedia_m3ud.dll is up to date.
  qtposition_geoclued.dll is up to date.
  qtposition_positionpolld.dll is up to date.
  qtposition_serialnmead.dll is up to date.
  qtposition_winrtd.dll is up to date.
  qmldbg_debuggerd.dll is up to date.
  qmldbg_inspectord.dll is up to date.
  qmldbg_locald.dll is up to date.
  qmldbg_messagesd.dll is up to date.
  qmldbg_natived.dll is up to date.
  qmldbg_nativedebuggerd.dll is up to date.
  qmldbg_profilerd.dll is up to date.
  qmldbg_quickprofilerd.dll is up to date.
  qmldbg_serverd.dll is up to date.
  qmldbg_tcpd.dll is up to date.
  qsgd3d12backendd.dll is up to date.
  qsqlited.dll is up to date.
  qsqlmysqld.dll is up to date.
  qsqlodbcd.dll is up to date.
  qsqlpsqld.dll is up to date.
  qtexttospeech_sapid.dll is up to date.
  qtquick2plugind.dll is up to date.
  plugins.qmltypes is up to date.
  qmldir is up to date.
  qtquickcontrolsplugind.dll is up to date.
  ApplicationWindow.qml is up to date.
  ApplicationWindow.qmlc is up to date.
  BusyIndicator.qml is up to date.
  BusyIndicator.qmlc is up to date.
  Button.qml is up to date.
  Button.qmlc is up to date.
  Calendar.qml is up to date.
  Calendar.qmlc is up to date.
  CheckBox.qml is up to date.
  CheckBox.qmlc is up to date.
  ComboBox.qml is up to date.
  ComboBox.qmlc is up to date.
  GroupBox.qml is up to date.
  GroupBox.qmlc is up to date.
  Label.qml is up to date.
  Label.qmlc is up to date.
  Menu.qml is up to date.
  Menu.qmlc is up to date.
  MenuBar.qml is up to date.
  MenuBar.qmlc is up to date.
  plugins.qmltypes is up to date.
  ProgressBar.qml is up to date.
  ProgressBar.qmlc is up to date.
  qmldir is up to date.
  RadioButton.qml is up to date.
  RadioButton.qmlc is up to date.
  ScrollView.qml is up to date.
  ScrollView.qmlc is up to date.
  Slider.qml is up to date.
  Slider.qmlc is up to date.
  SpinBox.qml is up to date.
  SpinBox.qmlc is up to date.
  SplitView.qml is up to date.
  SplitView.qmlc is up to date.
  StackView.qml is up to date.
  StackView.qmlc is up to date.
  StackViewDelegate.qml is up to date.
  StackViewDelegate.qmlc is up to date.
  StackViewTransition.qml is up to date.
  StackViewTransition.qmlc is up to date.
  StatusBar.qml is up to date.
  StatusBar.qmlc is up to date.
  Switch.qml is up to date.
  Switch.qmlc is up to date.
  Tab.qml is up to date.
  Tab.qmlc is up to date.
  TableView.qml is up to date.
  TableView.qmlc is up to date.
  TableViewColumn.qml is up to date.
  TableViewColumn.qmlc is up to date.
  TabView.qml is up to date.
  TabView.qmlc is up to date.
  TextArea.qml is up to date.
  TextArea.qmlc is up to date.
  TextField.qml is up to date.
  TextField.qmlc is up to date.
  ToolBar.qml is up to date.
  ToolBar.qmlc is up to date.
  ToolButton.qml is up to date.
  ToolButton.qmlc is up to date.
  TreeView.qml is up to date.
  TreeView.qmlc is up to date.
  AbstractCheckable.qml is up to date.
  AbstractCheckable.qmlc is up to date.
  BasicButton.qml is up to date.
  BasicButton.qmlc is up to date.
  BasicTableView.qml is up to date.
  BasicTableView.qmlc is up to date.
  CalendarHeaderModel.qml is up to date.
  CalendarHeaderModel.qmlc is up to date.
  CalendarUtils.js is up to date.
  CalendarUtils.jsc is up to date.
  ColumnMenuContent.qml is up to date.
  ColumnMenuContent.qmlc is up to date.
  ContentItem.qml is up to date.
  ContentItem.qmlc is up to date.
  Control.qml is up to date.
  Control.qmlc is up to date.
  EditMenu.qml is up to date.
  EditMenu.qmlc is up to date.
  EditMenu_base.qml is up to date.
  EditMenu_base.qmlc is up to date.
  FastGlow.qml is up to date.
  FastGlow.qmlc is up to date.
  FocusFrame.qml is up to date.
  FocusFrame.qmlc is up to date.
  HoverButton.qml is up to date.
  HoverButton.qmlc is up to date.
  MenuContentItem.qml is up to date.
  MenuContentItem.qmlc is up to date.
  MenuContentScroller.qml is up to date.
  MenuContentScroller.qmlc is up to date.
  MenuItemSubControls.qml is up to date.
  MenuItemSubControls.qmlc is up to date.
  ModalPopupBehavior.qml is up to date.
  ModalPopupBehavior.qmlc is up to date.
  qmldir is up to date.
  ScrollBar.qml is up to date.
  ScrollBar.qmlc is up to date.
  ScrollViewHelper.qml is up to date.
  ScrollViewHelper.qmlc is up to date.
  SourceProxy.qml is up to date.
  SourceProxy.qmlc is up to date.
  StackView.js is up to date.
  StackView.jsc is up to date.
  StackViewSlideDelegate.qml is up to date.
  StackViewSlideDelegate.qmlc is up to date.
  style.js is up to date.
  style.jsc is up to date.
  Style.qml is up to date.
  Style.qmlc is up to date.
  SystemPaletteSingleton.qml is up to date.
  SystemPaletteSingleton.qmlc is up to date.
  TabBar.qml is up to date.
  TabBar.qmlc is up to date.
  TableViewItemDelegateLoader.qml is up to date.
  TableViewItemDelegateLoader.qmlc is up to date.
  TableViewSelection.qml is up to date.
  TableViewSelection.qmlc is up to date.
  TextHandle.qml is up to date.
  TextHandle.qmlc is up to date.
  TextInputWithHandles.qml is up to date.
  TextInputWithHandles.qmlc is up to date.
  TextSingleton.qml is up to date.
  TextSingleton.qmlc is up to date.
  ToolMenuButton.qml is up to date.
  ToolMenuButton.qmlc is up to date.
  TreeViewItemDelegateLoader.qml is up to date.
  TreeViewItemDelegateLoader.qmlc is up to date.
  qmldir is up to date.
  ApplicationWindowStyle.qml is up to date.
  ApplicationWindowStyle.qmlc is up to date.
  BasicTableViewStyle.qml is up to date.
  BasicTableViewStyle.qmlc is up to date.
  BusyIndicatorStyle.qml is up to date.
  BusyIndicatorStyle.qmlc is up to date.
  ButtonStyle.qml is up to date.
  ButtonStyle.qmlc is up to date.
  CalendarStyle.qml is up to date.
  CalendarStyle.qmlc is up to date.
  CheckBoxStyle.qml is up to date.
  CheckBoxStyle.qmlc is up to date.
  CircularButtonStyle.qml is up to date.
  CircularButtonStyle.qmlc is up to date.
  CircularGaugeStyle.qml is up to date.
  CircularGaugeStyle.qmlc is up to date.
  CircularTickmarkLabelStyle.qml is up to date.
  CircularTickmarkLabelStyle.qmlc is up to date.
  ComboBoxStyle.qml is up to date.
  ComboBoxStyle.qmlc is up to date.
  CommonStyleHelper.qml is up to date.
  CommonStyleHelper.qmlc is up to date.
  DelayButtonStyle.qml is up to date.
  DelayButtonStyle.qmlc is up to date.
  DialStyle.qml is up to date.
  DialStyle.qmlc is up to date.
  FocusFrameStyle.qml is up to date.
  FocusFrameStyle.qmlc is up to date.
  GaugeStyle.qml is up to date.
  GaugeStyle.qmlc is up to date.
  GroupBoxStyle.qml is up to date.
  GroupBoxStyle.qmlc is up to date.
  HandleStyle.qml is up to date.
  HandleStyle.qmlc is up to date.
  HandleStyleHelper.qml is up to date.
  HandleStyleHelper.qmlc is up to date.
  MenuBarStyle.qml is up to date.
  MenuBarStyle.qmlc is up to date.
  MenuStyle.qml is up to date.
  MenuStyle.qmlc is up to date.
  PieMenuStyle.qml is up to date.
  PieMenuStyle.qmlc is up to date.
  ProgressBarStyle.qml is up to date.
  ProgressBarStyle.qmlc is up to date.
  RadioButtonStyle.qml is up to date.
  RadioButtonStyle.qmlc is up to date.
  ScrollViewStyle.qml is up to date.
  ScrollViewStyle.qmlc is up to date.
  SliderStyle.qml is up to date.
  SliderStyle.qmlc is up to date.
  SpinBoxStyle.qml is up to date.
  SpinBoxStyle.qmlc is up to date.
  StatusBarStyle.qml is up to date.
  StatusBarStyle.qmlc is up to date.
  StatusIndicatorStyle.qml is up to date.
  StatusIndicatorStyle.qmlc is up to date.
  SwitchStyle.qml is up to date.
  SwitchStyle.qmlc is up to date.
  TableViewStyle.qml is up to date.
  TableViewStyle.qmlc is up to date.
  TabViewStyle.qml is up to date.
  TabViewStyle.qmlc is up to date.
  TextAreaStyle.qml is up to date.
  TextAreaStyle.qmlc is up to date.
  TextFieldStyle.qml is up to date.
  TextFieldStyle.qmlc is up to date.
  ToggleButtonStyle.qml is up to date.
  ToggleButtonStyle.qmlc is up to date.
  ToolBarStyle.qml is up to date.
  ToolBarStyle.qmlc is up to date.
  ToolButtonStyle.qml is up to date.
  ToolButtonStyle.qmlc is up to date.
  TreeViewStyle.qml is up to date.
  TreeViewStyle.qmlc is up to date.
  TumblerStyle.qml is up to date.
  TumblerStyle.qmlc is up to date.
  arrow-down.png is up to date.
  arrow-down@2x.png is up to date.
  arrow-left.png is up to date.
  arrow-left@2x.png is up to date.
  arrow-right.png is up to date.
  arrow-right@2x.png is up to date.
  arrow-up.png is up to date.
  arrow-up@2x.png is up to date.
  button.png is up to date.
  button_down.png is up to date.
  check.png is up to date.
  check@2x.png is up to date.
  editbox.png is up to date.
  focusframe.png is up to date.
  groupbox.png is up to date.
  header.png is up to date.
  knob.png is up to date.
  leftanglearrow.png is up to date.
  needle.png is up to date.
  progress-indeterminate.png is up to date.
  rightanglearrow.png is up to date.
  scrollbar-handle-horizontal.png is up to date.
  scrollbar-handle-transient.png is up to date.
  scrollbar-handle-vertical.png is up to date.
  slider-groove.png is up to date.
  slider-handle.png is up to date.
  spinner_large.png is up to date.
  spinner_medium.png is up to date.
  spinner_small.png is up to date.
  tab.png is up to date.
  tab_selected.png is up to date.
  ApplicationWindowStyle.qml is up to date.
  ApplicationWindowStyle.qmlc is up to date.
  BusyIndicatorStyle.qml is up to date.
  BusyIndicatorStyle.qmlc is up to date.
  ButtonStyle.qml is up to date.
  ButtonStyle.qmlc is up to date.
  CalendarStyle.qml is up to date.
  CalendarStyle.qmlc is up to date.
  CheckBoxStyle.qml is up to date.
  CheckBoxStyle.qmlc is up to date.
  ComboBoxStyle.qml is up to date.
  ComboBoxStyle.qmlc is up to date.
  FocusFrameStyle.qml is up to date.
  FocusFrameStyle.qmlc is up to date.
  GroupBoxStyle.qml is up to date.
  GroupBoxStyle.qmlc is up to date.
  MenuBarStyle.qml is up to date.
  MenuBarStyle.qmlc is up to date.
  MenuStyle.qml is up to date.
  MenuStyle.qmlc is up to date.
  ProgressBarStyle.qml is up to date.
  ProgressBarStyle.qmlc is up to date.
  qmldir is up to date.
  RadioButtonStyle.qml is up to date.
  RadioButtonStyle.qmlc is up to date.
  RowItemSingleton.qml is up to date.
  RowItemSingleton.qmlc is up to date.
  ScrollViewStyle.qml is up to date.
  ScrollViewStyle.qmlc is up to date.
  SliderStyle.qml is up to date.
  SliderStyle.qmlc is up to date.
  SpinBoxStyle.qml is up to date.
  SpinBoxStyle.qmlc is up to date.
  StatusBarStyle.qml is up to date.
  StatusBarStyle.qmlc is up to date.
  SwitchStyle.qml is up to date.
  SwitchStyle.qmlc is up to date.
  TableViewStyle.qml is up to date.
  TableViewStyle.qmlc is up to date.
  TabViewStyle.qml is up to date.
  TabViewStyle.qmlc is up to date.
  TextAreaStyle.qml is up to date.
  TextAreaStyle.qmlc is up to date.
  TextFieldStyle.qml is up to date.
  TextFieldStyle.qmlc is up to date.
  ToolBarStyle.qml is up to date.
  ToolBarStyle.qmlc is up to date.
  ToolButtonStyle.qml is up to date.
  ToolButtonStyle.qmlc is up to date.
  TreeViewStyle.qml is up to date.
  TreeViewStyle.qmlc is up to date.
  qtquickextrasflatplugind.dll is up to date.
  qmldir is up to date.
  widgetsplugind.dll is up to date.
  plugins.qmltypes is up to date.
  qmldir is up to date.
  qmldir is up to date.
  ApplicationWindowStyle.qml is up to date.
  ApplicationWindowStyle.qmlc is up to date.
  BasicTableViewStyle.qml is up to date.
  BasicTableViewStyle.qmlc is up to date.
  BusyIndicatorStyle.qml is up to date.
  BusyIndicatorStyle.qmlc is up to date.
  ButtonStyle.qml is up to date.
  ButtonStyle.qmlc is up to date.
  CalendarStyle.qml is up to date.
  CalendarStyle.qmlc is up to date.
  CheckBoxStyle.qml is up to date.
  CheckBoxStyle.qmlc is up to date.
  CircularButtonStyle.qml is up to date.
  CircularButtonStyle.qmlc is up to date.
  CircularGaugeStyle.qml is up to date.
  CircularGaugeStyle.qmlc is up to date.
  CircularTickmarkLabelStyle.qml is up to date.
  CircularTickmarkLabelStyle.qmlc is up to date.
  ComboBoxStyle.qml is up to date.
  ComboBoxStyle.qmlc is up to date.
  CommonStyleHelper.qml is up to date.
  CommonStyleHelper.qmlc is up to date.
  DelayButtonStyle.qml is up to date.
  DelayButtonStyle.qmlc is up to date.
  DialStyle.qml is up to date.
  DialStyle.qmlc is up to date.
  FocusFrameStyle.qml is up to date.
  FocusFrameStyle.qmlc is up to date.
  GaugeStyle.qml is up to date.
  GaugeStyle.qmlc is up to date.
  GroupBoxStyle.qml is up to date.
  GroupBoxStyle.qmlc is up to date.
  HandleStyle.qml is up to date.
  HandleStyle.qmlc is up to date.
  HandleStyleHelper.qml is up to date.
  HandleStyleHelper.qmlc is up to date.
  MenuBarStyle.qml is up to date.
  MenuBarStyle.qmlc is up to date.
  MenuStyle.qml is up to date.
  MenuStyle.qmlc is up to date.
  PieMenuStyle.qml is up to date.
  PieMenuStyle.qmlc is up to date.
  ProgressBarStyle.qml is up to date.
  ProgressBarStyle.qmlc is up to date.
  RadioButtonStyle.qml is up to date.
  RadioButtonStyle.qmlc is up to date.
  ScrollViewStyle.qml is up to date.
  ScrollViewStyle.qmlc is up to date.
  SliderStyle.qml is up to date.
  SliderStyle.qmlc is up to date.
  SpinBoxStyle.qml is up to date.
  SpinBoxStyle.qmlc is up to date.
  StatusBarStyle.qml is up to date.
  StatusBarStyle.qmlc is up to date.
  StatusIndicatorStyle.qml is up to date.
  StatusIndicatorStyle.qmlc is up to date.
  SwitchStyle.qml is up to date.
  SwitchStyle.qmlc is up to date.
  TableViewStyle.qml is up to date.
  TableViewStyle.qmlc is up to date.
  TabViewStyle.qml is up to date.
  TabViewStyle.qmlc is up to date.
  TextAreaStyle.qml is up to date.
  TextAreaStyle.qmlc is up to date.
  TextFieldStyle.qml is up to date.
  TextFieldStyle.qmlc is up to date.
  ToggleButtonStyle.qml is up to date.
  ToggleButtonStyle.qmlc is up to date.
  ToolBarStyle.qml is up to date.
  ToolBarStyle.qmlc is up to date.
  ToolButtonStyle.qml is up to date.
  ToolButtonStyle.qmlc is up to date.
  TreeViewStyle.qml is up to date.
  TreeViewStyle.qmlc is up to date.
  TumblerStyle.qml is up to date.
  TumblerStyle.qmlc is up to date.
  arrow-down.png is up to date.
  arrow-down@2x.png is up to date.
  arrow-left.png is up to date.
  arrow-left@2x.png is up to date.
  arrow-right.png is up to date.
  arrow-right@2x.png is up to date.
  arrow-up.png is up to date.
  arrow-up@2x.png is up to date.
  button.png is up to date.
  button_down.png is up to date.
  check.png is up to date.
  check@2x.png is up to date.
  editbox.png is up to date.
  focusframe.png is up to date.
  groupbox.png is up to date.
  header.png is up to date.
  knob.png is up to date.
  leftanglearrow.png is up to date.
  needle.png is up to date.
  progress-indeterminate.png is up to date.
  rightanglearrow.png is up to date.
  scrollbar-handle-horizontal.png is up to date.
  scrollbar-handle-transient.png is up to date.
  scrollbar-handle-vertical.png is up to date.
  slider-groove.png is up to date.
  slider-handle.png is up to date.
  spinner_large.png is up to date.
  spinner_medium.png is up to date.
  spinner_small.png is up to date.
  tab.png is up to date.
  tab_selected.png is up to date.
  ApplicationWindowStyle.qml is up to date.
  ApplicationWindowStyle.qmlc is up to date.
  BusyIndicatorStyle.qml is up to date.
  BusyIndicatorStyle.qmlc is up to date.
  ButtonStyle.qml is up to date.
  ButtonStyle.qmlc is up to date.
  CalendarStyle.qml is up to date.
  CalendarStyle.qmlc is up to date.
  CheckBoxStyle.qml is up to date.
  CheckBoxStyle.qmlc is up to date.
  ComboBoxStyle.qml is up to date.
  ComboBoxStyle.qmlc is up to date.
  FocusFrameStyle.qml is up to date.
  FocusFrameStyle.qmlc is up to date.
  GroupBoxStyle.qml is up to date.
  GroupBoxStyle.qmlc is up to date.
  MenuBarStyle.qml is up to date.
  MenuBarStyle.qmlc is up to date.
  MenuStyle.qml is up to date.
  MenuStyle.qmlc is up to date.
  ProgressBarStyle.qml is up to date.
  ProgressBarStyle.qmlc is up to date.
  qmldir is up to date.
  RadioButtonStyle.qml is up to date.
  RadioButtonStyle.qmlc is up to date.
  RowItemSingleton.qml is up to date.
  RowItemSingleton.qmlc is up to date.
  ScrollViewStyle.qml is up to date.
  ScrollViewStyle.qmlc is up to date.
  SliderStyle.qml is up to date.
  SliderStyle.qmlc is up to date.
  SpinBoxStyle.qml is up to date.
  SpinBoxStyle.qmlc is up to date.
  StatusBarStyle.qml is up to date.
  StatusBarStyle.qmlc is up to date.
  SwitchStyle.qml is up to date.
  SwitchStyle.qmlc is up to date.
  TableViewStyle.qml is up to date.
  TableViewStyle.qmlc is up to date.
  TabViewStyle.qml is up to date.
  TabViewStyle.qmlc is up to date.
  TextAreaStyle.qml is up to date.
  TextAreaStyle.qmlc is up to date.
  TextFieldStyle.qml is up to date.
  TextFieldStyle.qmlc is up to date.
  ToolBarStyle.qml is up to date.
  ToolBarStyle.qmlc is up to date.
  ToolButtonStyle.qml is up to date.
  ToolButtonStyle.qmlc is up to date.
  TreeViewStyle.qml is up to date.
  TreeViewStyle.qmlc is up to date.
  qtquickextrasflatplugind.dll is up to date.
  qmldir is up to date.
  windowplugind.dll is up to date.
  plugins.qmltypes is up to date.
  qmldir is up to date.
  qquicklayoutsplugind.dll is up to date.
  plugins.qmltypes is up to date.
  qmldir is up to date.
  dialogplugind.dll is up to date.
  DefaultColorDialog.qml is up to date.
  DefaultColorDialog.qmlc is up to date.
  DefaultDialogWrapper.qml is up to date.
  DefaultDialogWrapper.qmlc is up to date.
  DefaultFileDialog.qml is up to date.
  DefaultFileDialog.qmlc is up to date.
  DefaultFontDialog.qml is up to date.
  DefaultFontDialog.qmlc is up to date.
  DefaultMessageDialog.qml is up to date.
  DefaultMessageDialog.qmlc is up to date.
  plugins.qmltypes is up to date.
  qmldir is up to date.
  WidgetColorDialog.qml is up to date.
  WidgetColorDialog.qmlc is up to date.
  WidgetFileDialog.qml is up to date.
  WidgetFileDialog.qmlc is up to date.
  WidgetFontDialog.qml is up to date.
  WidgetFontDialog.qmlc is up to date.
  WidgetMessageDialog.qml is up to date.
  WidgetMessageDialog.qmlc is up to date.
  checkers.png is up to date.
  checkmark.png is up to date.
  copy.png is up to date.
  critical.png is up to date.
  crosshairs.png is up to date.
  information.png is up to date.
  question.png is up to date.
  slider_handle.png is up to date.
  sunken_frame.png is up to date.
  warning.png is up to date.
  window_border.png is up to date.
  dialogsprivateplugind.dll is up to date.
  plugins.qmltypes is up to date.
  qmldir is up to date.
  ColorSlider.qml is up to date.
  ColorSlider.qmlc is up to date.
  DefaultWindowDecoration.qml is up to date.
  DefaultWindowDecoration.qmlc is up to date.
  IconButtonStyle.qml is up to date.
  IconButtonStyle.qmlc is up to date.
  IconGlyph.qml is up to date.
  IconGlyph.qmlc is up to date.
  icons.ttf is up to date.
  qmldir is up to date.
  qmlfolderlistmodelplugind.dll is up to date.
  plugins.qmltypes is up to date.
  qmldir is up to date.
  qmlsettingsplugind.dll is up to date.
  plugins.qmltypes is up to date.
  qmldir is up to date.
  dialogsprivateplugind.dll is up to date.
  plugins.qmltypes is up to date.
  qmldir is up to date.
  qtgraphicaleffectsplugind.dll is up to date.
  Blend.qml is up to date.
  Blend.qmlc is up to date.
  BrightnessContrast.qml is up to date.
  BrightnessContrast.qmlc is up to date.
  Colorize.qml is up to date.
  Colorize.qmlc is up to date.
  ColorOverlay.qml is up to date.
  ColorOverlay.qmlc is up to date.
  ConicalGradient.qml is up to date.
  ConicalGradient.qmlc is up to date.
  Desaturate.qml is up to date.
  Desaturate.qmlc is up to date.
  DirectionalBlur.qml is up to date.
  DirectionalBlur.qmlc is up to date.
  Displace.qml is up to date.
  Displace.qmlc is up to date.
  DropShadow.qml is up to date.
  DropShadow.qmlc is up to date.
  FastBlur.qml is up to date.
  FastBlur.qmlc is up to date.
  GammaAdjust.qml is up to date.
  GammaAdjust.qmlc is up to date.
  GaussianBlur.qml is up to date.
  GaussianBlur.qmlc is up to date.
  Glow.qml is up to date.
  Glow.qmlc is up to date.
  HueSaturation.qml is up to date.
  HueSaturation.qmlc is up to date.
  InnerShadow.qml is up to date.
  InnerShadow.qmlc is up to date.
  LevelAdjust.qml is up to date.
  LevelAdjust.qmlc is up to date.
  LinearGradient.qml is up to date.
  LinearGradient.qmlc is up to date.
  MaskedBlur.qml is up to date.
  MaskedBlur.qmlc is up to date.
  OpacityMask.qml is up to date.
  OpacityMask.qmlc is up to date.
  plugins.qmltypes is up to date.
  qmldir is up to date.
  RadialBlur.qml is up to date.
  RadialBlur.qmlc is up to date.
  RadialGradient.qml is up to date.
  RadialGradient.qmlc is up to date.
  RectangularGlow.qml is up to date.
  RectangularGlow.qmlc is up to date.
  RecursiveBlur.qml is up to date.
  RecursiveBlur.qmlc is up to date.
  ThresholdMask.qml is up to date.
  ThresholdMask.qmlc is up to date.
  ZoomBlur.qml is up to date.
  ZoomBlur.qmlc is up to date.
  qtgraphicaleffectsprivated.dll is up to date.
  DropShadowBase.qml is up to date.
  DropShadowBase.qmlc is up to date.
  FastGlow.qml is up to date.
  FastGlow.qmlc is up to date.
  FastInnerShadow.qml is up to date.
  FastInnerShadow.qmlc is up to date.
  FastMaskedBlur.qml is up to date.
  FastMaskedBlur.qmlc is up to date.
  GaussianDirectionalBlur.qml is up to date.
  GaussianDirectionalBlur.qmlc is up to date.
  GaussianGlow.qml is up to date.
  GaussianGlow.qmlc is up to date.
  GaussianInnerShadow.qml is up to date.
  GaussianInnerShadow.qmlc is up to date.
  GaussianMaskedBlur.qml is up to date.
  GaussianMaskedBlur.qmlc is up to date.
  qmldir is up to date.
  qtgraphicaleffectsprivated.dll is up to date.
  DropShadowBase.qml is up to date.
  DropShadowBase.qmlc is up to date.
  FastGlow.qml is up to date.
  FastGlow.qmlc is up to date.
  FastInnerShadow.qml is up to date.
  FastInnerShadow.qmlc is up to date.
  FastMaskedBlur.qml is up to date.
  FastMaskedBlur.qmlc is up to date.
  GaussianDirectionalBlur.qml is up to date.
  GaussianDirectionalBlur.qmlc is up to date.
  GaussianGlow.qml is up to date.
  GaussianGlow.qmlc is up to date.
  GaussianInnerShadow.qml is up to date.
  GaussianInnerShadow.qmlc is up to date.
  GaussianMaskedBlur.qml is up to date.
  GaussianMaskedBlur.qmlc is up to date.
  qmldir is up to date.
  qtchartsqml2d.dll is up to date.
  plugins.qmltypes is up to date.
  qmldir is up to date.
  Skipping C:\Qt\5.9.3\msvc2015\qml\QtCharts\designer.
  declarative_locationd.dll is up to date.
  plugins.qmltypes is up to date.
  qmldir is up to date.
  declarative_positioningd.dll is up to date.
  plugins.qmltypes is up to date.
  qmldir is up to date.
  declarative_multimediad.dll is up to date.
  plugins.qmltypes is up to date.
  qmldir is up to date.
  Video.qml is up to date.
  modelsplugind.dll is up to date.
  plugins.qmltypes is up to date.
  qmldir is up to date.
  AbstractCheckable.qml is up to date.
  AbstractCheckable.qmlc is up to date.
  BasicButton.qml is up to date.
  BasicButton.qmlc is up to date.
  BasicTableView.qml is up to date.
  BasicTableView.qmlc is up to date.
  CalendarHeaderModel.qml is up to date.
  CalendarHeaderModel.qmlc is up to date.
  CalendarUtils.js is up to date.
  CalendarUtils.jsc is up to date.
  ColumnMenuContent.qml is up to date.
  ColumnMenuContent.qmlc is up to date.
  ContentItem.qml is up to date.
  ContentItem.qmlc is up to date.
  Control.qml is up to date.
  Control.qmlc is up to date.
  EditMenu.qml is up to date.
  EditMenu.qmlc is up to date.
  EditMenu_base.qml is up to date.
  EditMenu_base.qmlc is up to date.
  FastGlow.qml is up to date.
  FastGlow.qmlc is up to date.
  FocusFrame.qml is up to date.
  FocusFrame.qmlc is up to date.
  HoverButton.qml is up to date.
  HoverButton.qmlc is up to date.
  MenuContentItem.qml is up to date.
  MenuContentItem.qmlc is up to date.
  MenuContentScroller.qml is up to date.
  MenuContentScroller.qmlc is up to date.
  MenuItemSubControls.qml is up to date.
  MenuItemSubControls.qmlc is up to date.
  ModalPopupBehavior.qml is up to date.
  ModalPopupBehavior.qmlc is up to date.
  qmldir is up to date.
  ScrollBar.qml is up to date.
  ScrollBar.qmlc is up to date.
  ScrollViewHelper.qml is up to date.
  ScrollViewHelper.qmlc is up to date.
  SourceProxy.qml is up to date.
  SourceProxy.qmlc is up to date.
  StackView.js is up to date.
  StackView.jsc is up to date.
  StackViewSlideDelegate.qml is up to date.
  StackViewSlideDelegate.qmlc is up to date.
  style.js is up to date.
  style.jsc is up to date.
  Style.qml is up to date.
  Style.qmlc is up to date.
  SystemPaletteSingleton.qml is up to date.
  SystemPaletteSingleton.qmlc is up to date.
  TabBar.qml is up to date.
  TabBar.qmlc is up to date.
  TableViewItemDelegateLoader.qml is up to date.
  TableViewItemDelegateLoader.qmlc is up to date.
  TableViewSelection.qml is up to date.
  TableViewSelection.qmlc is up to date.
  TextHandle.qml is up to date.
  TextHandle.qmlc is up to date.
  TextInputWithHandles.qml is up to date.
  TextInputWithHandles.qmlc is up to date.
  TextSingleton.qml is up to date.
  TextSingleton.qmlc is up to date.
  ToolMenuButton.qml is up to date.
  ToolMenuButton.qmlc is up to date.
  TreeViewItemDelegateLoader.qml is up to date.
  TreeViewItemDelegateLoader.qmlc is up to date.
  qtquickextrasplugind.dll is up to date.
  CircularGauge.qml is up to date.
  CircularGauge.qmlc is up to date.
  DelayButton.qml is up to date.
  DelayButton.qmlc is up to date.
  Dial.qml is up to date.
  Dial.qmlc is up to date.
  Gauge.qml is up to date.
  Gauge.qmlc is up to date.
  PieMenu.qml is up to date.
  PieMenu.qmlc is up to date.
  plugins.qmltypes is up to date.
  qmldir is up to date.
  StatusIndicator.qml is up to date.
  StatusIndicator.qmlc is up to date.
  ToggleButton.qml is up to date.
  ToggleButton.qmlc is up to date.
  Tumbler.qml is up to date.
  Tumbler.qmlc is up to date.
  TumblerColumn.qml is up to date.
  TumblerColumn.qmlc is up to date.
  Skipping C:\Qt\5.9.3\msvc2015\qml\QtQuick\Extras\designer.
  CircularButton.qml is up to date.
  CircularButton.qmlc is up to date.
  CircularButtonStyleHelper.qml is up to date.
  CircularButtonStyleHelper.qmlc is up to date.
  CircularTickmarkLabel.qml is up to date.
  CircularTickmarkLabel.qmlc is up to date.
  Handle.qml is up to date.
  Handle.qmlc is up to date.
  PieMenuIcon.qml is up to date.
  PieMenuIcon.qmlc is up to date.
  qmldir is up to date.
  TextSingleton.qml is up to date.
  TextSingleton.qmlc is up to date.
  plugins.qmltypes is up to date.
  qmldir is up to date.
  modelsplugind.dll is up to date.
  plugins.qmltypes is up to date.
  qmldir is up to date.
  qtqmlremoteobjectsd.dll is up to date.
  qmldir is up to date.
  qtqmlstatemachined.dll is up to date.
  plugins.qmltypes is up to date.
  qmldir is up to date.
  qtquickcontrols2plugind.dll is up to date.
  AbstractButton.qml is up to date.
  AbstractButton.qmlc is up to date.
  ApplicationWindow.qml is up to date.
  ApplicationWindow.qmlc is up to date.
  BusyIndicator.qml is up to date.
  BusyIndicator.qmlc is up to date.
  Button.qml is up to date.
  Button.qmlc is up to date.
  ButtonGroup.qml is up to date.
  ButtonGroup.qmlc is up to date.
  CheckBox.qml is up to date.
  CheckBox.qmlc is up to date.
  CheckDelegate.qml is up to date.
  CheckDelegate.qmlc is up to date.
  CheckIndicator.qml is up to date.
  CheckIndicator.qmlc is up to date.
  ComboBox.qml is up to date.
  ComboBox.qmlc is up to date.
  Container.qml is up to date.
  Container.qmlc is up to date.
  Control.qml is up to date.
  Control.qmlc is up to date.
  DelayButton.qml is up to date.
  DelayButton.qmlc is up to date.
  Dial.qml is up to date.
  Dial.qmlc is up to date.
  Dialog.qml is up to date.
  Dialog.qmlc is up to date.
  DialogButtonBox.qml is up to date.
  DialogButtonBox.qmlc is up to date.
  Drawer.qml is up to date.
  Drawer.qmlc is up to date.
  Frame.qml is up to date.
  Frame.qmlc is up to date.
  GroupBox.qml is up to date.
  GroupBox.qmlc is up to date.
  ItemDelegate.qml is up to date.
  ItemDelegate.qmlc is up to date.
  Label.qml is up to date.
  Label.qmlc is up to date.
  Menu.qml is up to date.
  Menu.qmlc is up to date.
  MenuItem.qml is up to date.
  MenuItem.qmlc is up to date.
  MenuSeparator.qml is up to date.
  MenuSeparator.qmlc is up to date.
  Page.qml is up to date.
  Page.qmlc is up to date.
  PageIndicator.qml is up to date.
  PageIndicator.qmlc is up to date.
  Pane.qml is up to date.
  Pane.qmlc is up to date.
  plugins.qmltypes is up to date.
  Popup.qml is up to date.
  Popup.qmlc is up to date.
  ProgressBar.qml is up to date.
  ProgressBar.qmlc is up to date.
  qmldir is up to date.
  RadioButton.qml is up to date.
  RadioButton.qmlc is up to date.
  RadioDelegate.qml is up to date.
  RadioDelegate.qmlc is up to date.
  RadioIndicator.qml is up to date.
  RadioIndicator.qmlc is up to date.
  RangeSlider.qml is up to date.
  RangeSlider.qmlc is up to date.
  RoundButton.qml is up to date.
  RoundButton.qmlc is up to date.
  ScrollBar.qml is up to date.
  ScrollBar.qmlc is up to date.
  ScrollIndicator.qml is up to date.
  ScrollIndicator.qmlc is up to date.
  ScrollView.qml is up to date.
  ScrollView.qmlc is up to date.
  Slider.qml is up to date.
  Slider.qmlc is up to date.
  SpinBox.qml is up to date.
  SpinBox.qmlc is up to date.
  StackView.qml is up to date.
  StackView.qmlc is up to date.
  SwipeDelegate.qml is up to date.
  SwipeDelegate.qmlc is up to date.
  SwipeView.qml is up to date.
  SwipeView.qmlc is up to date.
  Switch.qml is up to date.
  Switch.qmlc is up to date.
  SwitchDelegate.qml is up to date.
  SwitchDelegate.qmlc is up to date.
  SwitchIndicator.qml is up to date.
  SwitchIndicator.qmlc is up to date.
  TabBar.qml is up to date.
  TabBar.qmlc is up to date.
  TabButton.qml is up to date.
  TabButton.qmlc is up to date.
  TextArea.qml is up to date.
  TextArea.qmlc is up to date.
  TextField.qml is up to date.
  TextField.qmlc is up to date.
  ToolBar.qml is up to date.
  ToolBar.qmlc is up to date.
  ToolButton.qml is up to date.
  ToolButton.qmlc is up to date.
  ToolSeparator.qml is up to date.
  ToolSeparator.qmlc is up to date.
  ToolTip.qml is up to date.
  ToolTip.qmlc is up to date.
  Tumbler.qml is up to date.
  Tumbler.qmlc is up to date.
  Skipping C:\Qt\5.9.3\msvc2015\qml\QtQuick\Controls.2\designer.
  qtquickcontrols2materialstyleplugind.dll is up to date.
  ApplicationWindow.qml is up to date.
  ApplicationWindow.qmlc is up to date.
  BoxShadow.qml is up to date.
  BoxShadow.qmlc is up to date.
  BusyIndicator.qml is up to date.
  BusyIndicator.qmlc is up to date.
  Button.qml is up to date.
  Button.qmlc is up to date.
  CheckBox.qml is up to date.
  CheckBox.qmlc is up to date.
  CheckDelegate.qml is up to date.
  CheckDelegate.qmlc is up to date.
  CheckIndicator.qml is up to date.
  CheckIndicator.qmlc is up to date.
  ComboBox.qml is up to date.
  ComboBox.qmlc is up to date.
  CursorDelegate.qml is up to date.
  CursorDelegate.qmlc is up to date.
  DelayButton.qml is up to date.
  DelayButton.qmlc is up to date.
  Dial.qml is up to date.
  Dial.qmlc is up to date.
  Dialog.qml is up to date.
  Dialog.qmlc is up to date.
  DialogButtonBox.qml is up to date.
  DialogButtonBox.qmlc is up to date.
  Drawer.qml is up to date.
  Drawer.qmlc is up to date.
  ElevationEffect.qml is up to date.
  ElevationEffect.qmlc is up to date.
  Frame.qml is up to date.
  Frame.qmlc is up to date.
  GroupBox.qml is up to date.
  GroupBox.qmlc is up to date.
  ItemDelegate.qml is up to date.
  ItemDelegate.qmlc is up to date.
  Label.qml is up to date.
  Label.qmlc is up to date.
  Menu.qml is up to date.
  Menu.qmlc is up to date.
  MenuItem.qml is up to date.
  MenuItem.qmlc is up to date.
  MenuSeparator.qml is up to date.
  MenuSeparator.qmlc is up to date.
  Page.qml is up to date.
  Page.qmlc is up to date.
  PageIndicator.qml is up to date.
  PageIndicator.qmlc is up to date.
  Pane.qml is up to date.
  Pane.qmlc is up to date.
  plugins.qmltypes is up to date.
  Popup.qml is up to date.
  Popup.qmlc is up to date.
  ProgressBar.qml is up to date.
  ProgressBar.qmlc is up to date.
  qmldir is up to date.
  RadioButton.qml is up to date.
  RadioButton.qmlc is up to date.
  RadioDelegate.qml is up to date.
  RadioDelegate.qmlc is up to date.
  RadioIndicator.qml is up to date.
  RadioIndicator.qmlc is up to date.
  RangeSlider.qml is up to date.
  RangeSlider.qmlc is up to date.
  RectangularGlow.qml is up to date.
  RectangularGlow.qmlc is up to date.
  RoundButton.qml is up to date.
  RoundButton.qmlc is up to date.
  ScrollBar.qml is up to date.
  ScrollBar.qmlc is up to date.
  ScrollIndicator.qml is up to date.
  ScrollIndicator.qmlc is up to date.
  Slider.qml is up to date.
  Slider.qmlc is up to date.
  SliderHandle.qml is up to date.
  SliderHandle.qmlc is up to date.
  SpinBox.qml is up to date.
  SpinBox.qmlc is up to date.
  StackView.qml is up to date.
  StackView.qmlc is up to date.
  SwipeDelegate.qml is up to date.
  SwipeDelegate.qmlc is up to date.
  SwipeView.qml is up to date.
  SwipeView.qmlc is up to date.
  Switch.qml is up to date.
  Switch.qmlc is up to date.
  SwitchDelegate.qml is up to date.
  SwitchDelegate.qmlc is up to date.
  SwitchIndicator.qml is up to date.
  SwitchIndicator.qmlc is up to date.
  TabBar.qml is up to date.
  TabBar.qmlc is up to date.
  TabButton.qml is up to date.
  TabButton.qmlc is up to date.
  TextArea.qml is up to date.
  TextArea.qmlc is up to date.
  TextField.qml is up to date.
  TextField.qmlc is up to date.
  ToolBar.qml is up to date.
  ToolBar.qmlc is up to date.
  ToolButton.qml is up to date.
  ToolButton.qmlc is up to date.
  ToolSeparator.qml is up to date.
  ToolSeparator.qmlc is up to date.
  ToolTip.qml is up to date.
  ToolTip.qmlc is up to date.
  Tumbler.qml is up to date.
  Tumbler.qmlc is up to date.
  qtquickcontrols2universalstyleplugind.dll is up to date.
  ApplicationWindow.qml is up to date.
  ApplicationWindow.qmlc is up to date.
  BusyIndicator.qml is up to date.
  BusyIndicator.qmlc is up to date.
  Button.qml is up to date.
  Button.qmlc is up to date.
  CheckBox.qml is up to date.
  CheckBox.qmlc is up to date.
  CheckDelegate.qml is up to date.
  CheckDelegate.qmlc is up to date.
  CheckIndicator.qml is up to date.
  CheckIndicator.qmlc is up to date.
  ComboBox.qml is up to date.
  ComboBox.qmlc is up to date.
  DelayButton.qml is up to date.
  DelayButton.qmlc is up to date.
  Dial.qml is up to date.
  Dial.qmlc is up to date.
  Dialog.qml is up to date.
  Dialog.qmlc is up to date.
  DialogButtonBox.qml is up to date.
  DialogButtonBox.qmlc is up to date.
  Drawer.qml is up to date.
  Drawer.qmlc is up to date.
  Frame.qml is up to date.
  Frame.qmlc is up to date.
  GroupBox.qml is up to date.
  GroupBox.qmlc is up to date.
  ItemDelegate.qml is up to date.
  ItemDelegate.qmlc is up to date.
  Label.qml is up to date.
  Label.qmlc is up to date.
  Menu.qml is up to date.
  Menu.qmlc is up to date.
  MenuItem.qml is up to date.
  MenuItem.qmlc is up to date.
  MenuSeparator.qml is up to date.
  MenuSeparator.qmlc is up to date.
  Page.qml is up to date.
  Page.qmlc is up to date.
  PageIndicator.qml is up to date.
  PageIndicator.qmlc is up to date.
  Pane.qml is up to date.
  Pane.qmlc is up to date.
  plugins.qmltypes is up to date.
  Popup.qml is up to date.
  Popup.qmlc is up to date.
  ProgressBar.qml is up to date.
  ProgressBar.qmlc is up to date.
  qmldir is up to date.
  RadioButton.qml is up to date.
  RadioButton.qmlc is up to date.
  RadioDelegate.qml is up to date.
  RadioDelegate.qmlc is up to date.
  RadioIndicator.qml is up to date.
  RadioIndicator.qmlc is up to date.
  RangeSlider.qml is up to date.
  RangeSlider.qmlc is up to date.
  RoundButton.qml is up to date.
  RoundButton.qmlc is up to date.
  ScrollBar.qml is up to date.
  ScrollBar.qmlc is up to date.
  ScrollIndicator.qml is up to date.
  ScrollIndicator.qmlc is up to date.
  Slider.qml is up to date.
  Slider.qmlc is up to date.
  SpinBox.qml is up to date.
  SpinBox.qmlc is up to date.
  StackView.qml is up to date.
  StackView.qmlc is up to date.
  SwipeDelegate.qml is up to date.
  SwipeDelegate.qmlc is up to date.
  Switch.qml is up to date.
  Switch.qmlc is up to date.
  SwitchDelegate.qml is up to date.
  SwitchDelegate.qmlc is up to date.
  SwitchIndicator.qml is up to date.
  SwitchIndicator.qmlc is up to date.
  TabBar.qml is up to date.
  TabBar.qmlc is up to date.
  TabButton.qml is up to date.
  TabButton.qmlc is up to date.
  TextArea.qml is up to date.
  TextArea.qmlc is up to date.
  TextField.qml is up to date.
  TextField.qmlc is up to date.
  ToolBar.qml is up to date.
  ToolBar.qmlc is up to date.
  ToolButton.qml is up to date.
  ToolButton.qmlc is up to date.
  ToolSeparator.qml is up to date.
  ToolSeparator.qmlc is up to date.
  ToolTip.qml is up to date.
  ToolTip.qmlc is up to date.
  Tumbler.qml is up to date.
  Tumbler.qmlc is up to date.
  qtquicktemplates2plugind.dll is up to date.
  plugins.qmltypes is up to date.
  qmldir is up to date.
  CircularButton.qml is up to date.
  CircularButton.qmlc is up to date.
  CircularButtonStyleHelper.qml is up to date.
  CircularButtonStyleHelper.qmlc is up to date.
  CircularTickmarkLabel.qml is up to date.
  CircularTickmarkLabel.qmlc is up to date.
  Handle.qml is up to date.
  Handle.qmlc is up to date.
  PieMenuIcon.qml is up to date.
  PieMenuIcon.qmlc is up to date.
  qmldir is up to date.
  TextSingleton.qml is up to date.
  TextSingleton.qmlc is up to date.
  qtquickcontrols2materialstyleplugind.dll is up to date.
  ApplicationWindow.qml is up to date.
  ApplicationWindow.qmlc is up to date.
  BoxShadow.qml is up to date.
  BoxShadow.qmlc is up to date.
  BusyIndicator.qml is up to date.
  BusyIndicator.qmlc is up to date.
  Button.qml is up to date.
  Button.qmlc is up to date.
  CheckBox.qml is up to date.
  CheckBox.qmlc is up to date.
  CheckDelegate.qml is up to date.
  CheckDelegate.qmlc is up to date.
  CheckIndicator.qml is up to date.
  CheckIndicator.qmlc is up to date.
  ComboBox.qml is up to date.
  ComboBox.qmlc is up to date.
  CursorDelegate.qml is up to date.
  CursorDelegate.qmlc is up to date.
  DelayButton.qml is up to date.
  DelayButton.qmlc is up to date.
  Dial.qml is up to date.
  Dial.qmlc is up to date.
  Dialog.qml is up to date.
  Dialog.qmlc is up to date.
  DialogButtonBox.qml is up to date.
  DialogButtonBox.qmlc is up to date.
  Drawer.qml is up to date.
  Drawer.qmlc is up to date.
  ElevationEffect.qml is up to date.
  ElevationEffect.qmlc is up to date.
  Frame.qml is up to date.
  Frame.qmlc is up to date.
  GroupBox.qml is up to date.
  GroupBox.qmlc is up to date.
  ItemDelegate.qml is up to date.
  ItemDelegate.qmlc is up to date.
  Label.qml is up to date.
  Label.qmlc is up to date.
  Menu.qml is up to date.
  Menu.qmlc is up to date.
  MenuItem.qml is up to date.
  MenuItem.qmlc is up to date.
  MenuSeparator.qml is up to date.
  MenuSeparator.qmlc is up to date.
  Page.qml is up to date.
  Page.qmlc is up to date.
  PageIndicator.qml is up to date.
  PageIndicator.qmlc is up to date.
  Pane.qml is up to date.
  Pane.qmlc is up to date.
  plugins.qmltypes is up to date.
  Popup.qml is up to date.
  Popup.qmlc is up to date.
  ProgressBar.qml is up to date.
  ProgressBar.qmlc is up to date.
  qmldir is up to date.
  RadioButton.qml is up to date.
  RadioButton.qmlc is up to date.
  RadioDelegate.qml is up to date.
  RadioDelegate.qmlc is up to date.
  RadioIndicator.qml is up to date.
  RadioIndicator.qmlc is up to date.
  RangeSlider.qml is up to date.
  RangeSlider.qmlc is up to date.
  RectangularGlow.qml is up to date.
  RectangularGlow.qmlc is up to date.
  RoundButton.qml is up to date.
  RoundButton.qmlc is up to date.
  ScrollBar.qml is up to date.
  ScrollBar.qmlc is up to date.
  ScrollIndicator.qml is up to date.
  ScrollIndicator.qmlc is up to date.
  Slider.qml is up to date.
  Slider.qmlc is up to date.
  SliderHandle.qml is up to date.
  SliderHandle.qmlc is up to date.
  SpinBox.qml is up to date.
  SpinBox.qmlc is up to date.
  StackView.qml is up to date.
  StackView.qmlc is up to date.
  SwipeDelegate.qml is up to date.
  SwipeDelegate.qmlc is up to date.
  SwipeView.qml is up to date.
  SwipeView.qmlc is up to date.
  Switch.qml is up to date.
  Switch.qmlc is up to date.
  SwitchDelegate.qml is up to date.
  SwitchDelegate.qmlc is up to date.
  SwitchIndicator.qml is up to date.
  SwitchIndicator.qmlc is up to date.
  TabBar.qml is up to date.
  TabBar.qmlc is up to date.
  TabButton.qml is up to date.
  TabButton.qmlc is up to date.
  TextArea.qml is up to date.
  TextArea.qmlc is up to date.
  TextField.qml is up to date.
  TextField.qmlc is up to date.
  ToolBar.qml is up to date.
  ToolBar.qmlc is up to date.
  ToolButton.qml is up to date.
  ToolButton.qmlc is up to date.
  ToolSeparator.qml is up to date.
  ToolSeparator.qmlc is up to date.
  ToolTip.qml is up to date.
  ToolTip.qmlc is up to date.
  Tumbler.qml is up to date.
  Tumbler.qmlc is up to date.
  qtquickcontrols2universalstyleplugind.dll is up to date.
  ApplicationWindow.qml is up to date.
  ApplicationWindow.qmlc is up to date.
  BusyIndicator.qml is up to date.
  BusyIndicator.qmlc is up to date.
  Button.qml is up to date.
  Button.qmlc is up to date.
  CheckBox.qml is up to date.
  CheckBox.qmlc is up to date.
  CheckDelegate.qml is up to date.
  CheckDelegate.qmlc is up to date.
  CheckIndicator.qml is up to date.
  CheckIndicator.qmlc is up to date.
  ComboBox.qml is up to date.
  ComboBox.qmlc is up to date.
  DelayButton.qml is up to date.
  DelayButton.qmlc is up to date.
  Dial.qml is up to date.
  Dial.qmlc is up to date.
  Dialog.qml is up to date.
  Dialog.qmlc is up to date.
  DialogButtonBox.qml is up to date.
  DialogButtonBox.qmlc is up to date.
  Drawer.qml is up to date.
  Drawer.qmlc is up to date.
  Frame.qml is up to date.
  Frame.qmlc is up to date.
  GroupBox.qml is up to date.
  GroupBox.qmlc is up to date.
  ItemDelegate.qml is up to date.
  ItemDelegate.qmlc is up to date.
  Label.qml is up to date.
  Label.qmlc is up to date.
  Menu.qml is up to date.
  Menu.qmlc is up to date.
  MenuItem.qml is up to date.
  MenuItem.qmlc is up to date.
  MenuSeparator.qml is up to date.
  MenuSeparator.qmlc is up to date.
  Page.qml is up to date.
  Page.qmlc is up to date.
  PageIndicator.qml is up to date.
  PageIndicator.qmlc is up to date.
  Pane.qml is up to date.
  Pane.qmlc is up to date.
  plugins.qmltypes is up to date.
  Popup.qml is up to date.
  Popup.qmlc is up to date.
  ProgressBar.qml is up to date.
  ProgressBar.qmlc is up to date.
  qmldir is up to date.
  RadioButton.qml is up to date.
  RadioButton.qmlc is up to date.
  RadioDelegate.qml is up to date.
  RadioDelegate.qmlc is up to date.
  RadioIndicator.qml is up to date.
  RadioIndicator.qmlc is up to date.
  RangeSlider.qml is up to date.
  RangeSlider.qmlc is up to date.
  RoundButton.qml is up to date.
  RoundButton.qmlc is up to date.
  ScrollBar.qml is up to date.
  ScrollBar.qmlc is up to date.
  ScrollIndicator.qml is up to date.
  ScrollIndicator.qmlc is up to date.
  Slider.qml is up to date.
  Slider.qmlc is up to date.
  SpinBox.qml is up to date.
  SpinBox.qmlc is up to date.
  StackView.qml is up to date.
  StackView.qmlc is up to date.
  SwipeDelegate.qml is up to date.
  SwipeDelegate.qmlc is up to date.
  Switch.qml is up to date.
  Switch.qmlc is up to date.
  SwitchDelegate.qml is up to date.
  SwitchDelegate.qmlc is up to date.
  SwitchIndicator.qml is up to date.
  SwitchIndicator.qmlc is up to date.
  TabBar.qml is up to date.
  TabBar.qmlc is up to date.
  TabButton.qml is up to date.
  TabButton.qmlc is up to date.
  TextArea.qml is up to date.
  TextArea.qmlc is up to date.
  TextField.qml is up to date.
  TextField.qmlc is up to date.
  ToolBar.qml is up to date.
  ToolBar.qmlc is up to date.
  ToolButton.qml is up to date.
  ToolButton.qmlc is up to date.
  ToolSeparator.qml is up to date.
  ToolSeparator.qmlc is up to date.
  ToolTip.qml is up to date.
  ToolTip.qmlc is up to date.
  Tumbler.qml is up to date.
  Tumbler.qmlc is up to date.
  Creating qt_bg.qm...
  Creating qt_ca.qm...
  Creating qt_cs.qm...
  Creating qt_da.qm...
  Creating qt_de.qm...
  Creating qt_en.qm...
  Creating qt_es.qm...
  Creating qt_fi.qm...
  Creating qt_fr.qm...
  Creating qt_gd.qm...
  Creating qt_he.qm...
  Creating qt_hu.qm...
  Creating qt_it.qm...
  Creating qt_ja.qm...
  Creating qt_ko.qm...
  Creating qt_lv.qm...
  Creating qt_pl.qm...
  Creating qt_ru.qm...
  Creating qt_sk.qm...
  Creating qt_uk.qm...
