d:\uav\gcs\unist_gcs-qt5.9.3\build\obj\qgroundcontrol.pch
d:\uav\gcs\unist_gcs-qt5.9.3\build\obj\vc140.pdb
d:\uav\gcs\unist_gcs-qt5.9.3\build\obj\stable_headers.h.obj
d:\uav\gcs\unist_gcs-qt5.9.3\build\obj\apmsubframecomponent.obj
d:\uav\gcs\unist_gcs-qt5.9.3\build\obj\apmsensorscomponentcontroller.obj
d:\uav\gcs\unist_gcs-qt5.9.3\build\obj\apmsensorscomponent.obj
d:\uav\gcs\unist_gcs-qt5.9.3\build\obj\apmsafetycomponent.obj
d:\uav\gcs\unist_gcs-qt5.9.3\build\obj\apmradiocomponent.obj
d:\uav\gcs\unist_gcs-qt5.9.3\build\obj\apmpowercomponent.obj
d:\uav\gcs\unist_gcs-qt5.9.3\build\obj\apmparametermetadata.obj
d:\uav\gcs\unist_gcs-qt5.9.3\build\obj\apmlightscomponent.obj
d:\uav\gcs\unist_gcs-qt5.9.3\build\obj\apmflightmodescomponentcontroller.obj
d:\uav\gcs\unist_gcs-qt5.9.3\build\obj\apmflightmodescomponent.obj
d:\uav\gcs\unist_gcs-qt5.9.3\build\obj\apmfirmwarepluginfactory.obj
d:\uav\gcs\unist_gcs-qt5.9.3\build\obj\apmfirmwareplugin.obj
d:\uav\gcs\unist_gcs-qt5.9.3\build\obj\apmcompasscal.obj
d:\uav\gcs\unist_gcs-qt5.9.3\build\obj\apmcameracomponent.obj
d:\uav\gcs\unist_gcs-qt5.9.3\build\obj\apmautopilotplugin.obj
d:\uav\gcs\unist_gcs-qt5.9.3\build\obj\apmairframeloader.obj
d:\uav\gcs\unist_gcs-qt5.9.3\build\obj\apmairframecomponentcontroller.obj
d:\uav\gcs\unist_gcs-qt5.9.3\build\obj\apmairframecomponentairframes.obj
d:\uav\gcs\unist_gcs-qt5.9.3\build\obj\apmairframecomponent.obj
d:\uav\gcs\unist_gcs-qt5.9.3\build\obj\adsbvehicle.obj
d:\uav\gcs\unist_gcs-qt5.9.3\build\obj\camerametadata.obj
d:\uav\gcs\unist_gcs-qt5.9.3\build\obj\cameracomponent.obj
d:\uav\gcs\unist_gcs-qt5.9.3\build\obj\cameracalctest.obj
d:\uav\gcs\unist_gcs-qt5.9.3\build\obj\cameracalc.obj
d:\uav\gcs\unist_gcs-qt5.9.3\build\obj\brandimagesettings.obj
d:\uav\gcs\unist_gcs-qt5.9.3\build\obj\bootloader.obj
d:\uav\gcs\unist_gcs-qt5.9.3\build\obj\autopilotplugin.obj
d:\uav\gcs\unist_gcs-qt5.9.3\build\obj\autoconnectsettings.obj
d:\uav\gcs\unist_gcs-qt5.9.3\build\obj\audiooutputtest.obj
d:\uav\gcs\unist_gcs-qt5.9.3\build\obj\audiooutput.obj
d:\uav\gcs\unist_gcs-qt5.9.3\build\obj\ardusubfirmwareplugin.obj
d:\uav\gcs\unist_gcs-qt5.9.3\build\obj\arduroverfirmwareplugin.obj
d:\uav\gcs\unist_gcs-qt5.9.3\build\obj\arduplanefirmwareplugin.obj
d:\uav\gcs\unist_gcs-qt5.9.3\build\obj\arducopterfirmwareplugin.obj
d:\uav\gcs\unist_gcs-qt5.9.3\build\obj\appsettings.obj
d:\uav\gcs\unist_gcs-qt5.9.3\build\obj\appmessages.obj
d:\uav\gcs\unist_gcs-qt5.9.3\build\obj\airframecomponentcontroller.obj
d:\uav\gcs\unist_gcs-qt5.9.3\build\obj\airframecomponentairframes.obj
d:\uav\gcs\unist_gcs-qt5.9.3\build\obj\airframecomponent.obj
d:\uav\gcs\unist_gcs-qt5.9.3\build\obj\apmtuningcomponent.obj
d:\uav\gcs\unist_gcs-qt5.9.3\build\obj\factsystem.obj
d:\uav\gcs\unist_gcs-qt5.9.3\build\obj\factpanelcontroller.obj
d:\uav\gcs\unist_gcs-qt5.9.3\build\obj\factmetadata.obj
d:\uav\gcs\unist_gcs-qt5.9.3\build\obj\factgroup.obj
d:\uav\gcs\unist_gcs-qt5.9.3\build\obj\fact.obj
d:\uav\gcs\unist_gcs-qt5.9.3\build\obj\exifparser.obj
d:\uav\gcs\unist_gcs-qt5.9.3\build\obj\editpositiondialogcontroller.obj
d:\uav\gcs\unist_gcs-qt5.9.3\build\obj\esp8266componentcontroller.obj
d:\uav\gcs\unist_gcs-qt5.9.3\build\obj\esp8266component.obj
d:\uav\gcs\unist_gcs-qt5.9.3\build\obj\customcommandwidgetcontroller.obj
d:\uav\gcs\unist_gcs-qt5.9.3\build\obj\customcommandwidget.obj
d:\uav\gcs\unist_gcs-qt5.9.3\build\obj\corridorscancomplexitemtest.obj
d:\uav\gcs\unist_gcs-qt5.9.3\build\obj\corridorscancomplexitem.obj
d:\uav\gcs\unist_gcs-qt5.9.3\build\obj\coordinatevector.obj
d:\uav\gcs\unist_gcs-qt5.9.3\build\obj\complexmissionitem.obj
d:\uav\gcs\unist_gcs-qt5.9.3\build\obj\cmdlineoptparser.obj
d:\uav\gcs\unist_gcs-qt5.9.3\build\obj\chartplot.obj
d:\uav\gcs\unist_gcs-qt5.9.3\build\obj\cameraspec.obj
d:\uav\gcs\unist_gcs-qt5.9.3\build\obj\camerasectiontest.obj
d:\uav\gcs\unist_gcs-qt5.9.3\build\obj\camerasection.obj
d:\uav\gcs\unist_gcs-qt5.9.3\build\obj\genericautopilotplugin.obj
d:\uav\gcs\unist_gcs-qt5.9.3\build\obj\gpsrtkfactgroup.obj
d:\uav\gcs\unist_gcs-qt5.9.3\build\obj\gpsprovider.obj
d:\uav\gcs\unist_gcs-qt5.9.3\build\obj\gpsmanager.obj
d:\uav\gcs\unist_gcs-qt5.9.3\build\obj\followme.obj
d:\uav\gcs\unist_gcs-qt5.9.3\build\obj\flightmodescomponent.obj
d:\uav\gcs\unist_gcs-qt5.9.3\build\obj\flightmapsettings.obj
d:\uav\gcs\unist_gcs-qt5.9.3\build\obj\flightgeartest.obj
d:\uav\gcs\unist_gcs-qt5.9.3\build\obj\fixedwinglandingcomplexitem.obj
d:\uav\gcs\unist_gcs-qt5.9.3\build\obj\firmwareupgradecontroller.obj
d:\uav\gcs\unist_gcs-qt5.9.3\build\obj\firmwarepluginmanager.obj
d:\uav\gcs\unist_gcs-qt5.9.3\build\obj\firmwareplugin.obj
d:\uav\gcs\unist_gcs-qt5.9.3\build\obj\firmwareimage.obj
d:\uav\gcs\unist_gcs-qt5.9.3\build\obj\filemanagertest.obj
d:\uav\gcs\unist_gcs-qt5.9.3\build\obj\filemanager.obj
d:\uav\gcs\unist_gcs-qt5.9.3\build\obj\filedialogtest.obj
d:\uav\gcs\unist_gcs-qt5.9.3\build\obj\factvaluesliderlistmodel.obj
d:\uav\gcs\unist_gcs-qt5.9.3\build\obj\factsystemtestpx4.obj
d:\uav\gcs\unist_gcs-qt5.9.3\build\obj\factsystemtestgeneric.obj
d:\uav\gcs\unist_gcs-qt5.9.3\build\obj\factsystemtestbase.obj
d:\uav\gcs\unist_gcs-qt5.9.3\build\obj\linkinterface.obj
d:\uav\gcs\unist_gcs-qt5.9.3\build\obj\linkconfiguration.obj
d:\uav\gcs\unist_gcs-qt5.9.3\build\obj\linecharts.obj
d:\uav\gcs\unist_gcs-qt5.9.3\build\obj\linechartwidget.obj
d:\uav\gcs\unist_gcs-qt5.9.3\build\obj\linechartplot.obj
d:\uav\gcs\unist_gcs-qt5.9.3\build\obj\kmlfilehelper.obj
d:\uav\gcs\unist_gcs-qt5.9.3\build\obj\kml.obj
d:\uav\gcs\unist_gcs-qt5.9.3\build\obj\jsonhelper.obj
d:\uav\gcs\unist_gcs-qt5.9.3\build\obj\joysticksdl.obj
d:\uav\gcs\unist_gcs-qt5.9.3\build\obj\joystickmanager.obj
d:\uav\gcs\unist_gcs-qt5.9.3\build\obj\joystickconfigcontroller.obj
d:\uav\gcs\unist_gcs-qt5.9.3\build\obj\joystick.obj
d:\uav\gcs\unist_gcs-qt5.9.3\build\obj\incrementalplot.obj
d:\uav\gcs\unist_gcs-qt5.9.3\build\obj\heartbeattimer.obj
d:\uav\gcs\unist_gcs-qt5.9.3\build\obj\hildockwidget.obj
d:\uav\gcs\unist_gcs-qt5.9.3\build\obj\guidedsettings.obj
d:\uav\gcs\unist_gcs-qt5.9.3\build\obj\geotest.obj
d:\uav\gcs\unist_gcs-qt5.9.3\build\obj\geotagcontroller.obj
d:\uav\gcs\unist_gcs-qt5.9.3\build\obj\geofencemanager.obj
d:\uav\gcs\unist_gcs-qt5.9.3\build\obj\geofencecontroller.obj
d:\uav\gcs\unist_gcs-qt5.9.3\build\obj\missioncontrollermanagertest.obj
d:\uav\gcs\unist_gcs-qt5.9.3\build\obj\missioncontroller.obj
d:\uav\gcs\unist_gcs-qt5.9.3\build\obj\missioncommanduiinfo.obj
d:\uav\gcs\unist_gcs-qt5.9.3\build\obj\missioncommandtreetest.obj
d:\uav\gcs\unist_gcs-qt5.9.3\build\obj\missioncommandtree.obj
d:\uav\gcs\unist_gcs-qt5.9.3\build\obj\missioncommandlist.obj
d:\uav\gcs\unist_gcs-qt5.9.3\build\obj\messageboxtest.obj
d:\uav\gcs\unist_gcs-qt5.9.3\build\obj\mavlinklogtest.obj
d:\uav\gcs\unist_gcs-qt5.9.3\build\obj\mavlinkconsolecontroller.obj
d:\uav\gcs\unist_gcs-qt5.9.3\build\obj\mainwindowtest.obj
d:\uav\gcs\unist_gcs-qt5.9.3\build\obj\mainwindow.obj
d:\uav\gcs\unist_gcs-qt5.9.3\build\obj\mavlinkprotocol.obj
d:\uav\gcs\unist_gcs-qt5.9.3\build\obj\mavlinklogmanager.obj
d:\uav\gcs\unist_gcs-qt5.9.3\build\obj\mavlinkdecoder.obj
d:\uav\gcs\unist_gcs-qt5.9.3\build\obj\logreplaylink.obj
d:\uav\gcs\unist_gcs-qt5.9.3\build\obj\logdownloadtest.obj
d:\uav\gcs\unist_gcs-qt5.9.3\build\obj\logdownloadcontroller.obj
d:\uav\gcs\unist_gcs-qt5.9.3\build\obj\logcompressor.obj
d:\uav\gcs\unist_gcs-qt5.9.3\build\obj\linkmanagertest.obj
d:\uav\gcs\unist_gcs-qt5.9.3\build\obj\linkmanager.obj
d:\uav\gcs\unist_gcs-qt5.9.3\build\obj\px4firmwareupgradethread.obj
d:\uav\gcs\unist_gcs-qt5.9.3\build\obj\px4firmwarepluginfactory.obj
d:\uav\gcs\unist_gcs-qt5.9.3\build\obj\px4firmwareplugin.obj
d:\uav\gcs\unist_gcs-qt5.9.3\build\obj\px4autopilotplugin.obj
d:\uav\gcs\unist_gcs-qt5.9.3\build\obj\px4airframeloader.obj
d:\uav\gcs\unist_gcs-qt5.9.3\build\obj\px4advancedflightmodescontroller.obj
d:\uav\gcs\unist_gcs-qt5.9.3\build\obj\multivehiclemanager.obj
d:\uav\gcs\unist_gcs-qt5.9.3\build\obj\multivehicledockwidget.obj
d:\uav\gcs\unist_gcs-qt5.9.3\build\obj\multisignalspy.obj
d:\uav\gcs\unist_gcs-qt5.9.3\build\obj\motorcomponent.obj
d:\uav\gcs\unist_gcs-qt5.9.3\build\obj\mocklinkmissionitemhandler.obj
d:\uav\gcs\unist_gcs-qt5.9.3\build\obj\mocklinkfileserver.obj
d:\uav\gcs\unist_gcs-qt5.9.3\build\obj\mocklink.obj
d:\uav\gcs\unist_gcs-qt5.9.3\build\obj\missionsettingstest.obj
d:\uav\gcs\unist_gcs-qt5.9.3\build\obj\missionsettingsitem.obj
d:\uav\gcs\unist_gcs-qt5.9.3\build\obj\missionmanagertest.obj
d:\uav\gcs\unist_gcs-qt5.9.3\build\obj\missionmanager.obj
d:\uav\gcs\unist_gcs-qt5.9.3\build\obj\missionitemtest.obj
d:\uav\gcs\unist_gcs-qt5.9.3\build\obj\missionitem.obj
d:\uav\gcs\unist_gcs-qt5.9.3\build\obj\missioncontrollertest.obj
d:\uav\gcs\unist_gcs-qt5.9.3\build\obj\qgccameramanager.obj
d:\uav\gcs\unist_gcs-qt5.9.3\build\obj\qgccameraio.obj
d:\uav\gcs\unist_gcs-qt5.9.3\build\obj\qgccameracontrol.obj
d:\uav\gcs\unist_gcs-qt5.9.3\build\obj\qgcapplication.obj
d:\uav\gcs\unist_gcs-qt5.9.3\build\obj\qgc.obj
d:\uav\gcs\unist_gcs-qt5.9.3\build\obj\powercomponentcontroller.obj
d:\uav\gcs\unist_gcs-qt5.9.3\build\obj\powercomponent.obj
d:\uav\gcs\unist_gcs-qt5.9.3\build\obj\positionmanager.obj
d:\uav\gcs\unist_gcs-qt5.9.3\build\obj\planmastercontrollertest.obj
d:\uav\gcs\unist_gcs-qt5.9.3\build\obj\planmastercontroller.obj
d:\uav\gcs\unist_gcs-qt5.9.3\build\obj\planmanager.obj
d:\uav\gcs\unist_gcs-qt5.9.3\build\obj\planelementcontroller.obj
d:\uav\gcs\unist_gcs-qt5.9.3\build\obj\parametermanagertest.obj
d:\uav\gcs\unist_gcs-qt5.9.3\build\obj\parametermanager.obj
d:\uav\gcs\unist_gcs-qt5.9.3\build\obj\parametereditorcontroller.obj
d:\uav\gcs\unist_gcs-qt5.9.3\build\obj\px4tuningcomponent.obj
d:\uav\gcs\unist_gcs-qt5.9.3\build\obj\px4simpleflightmodescontroller.obj
d:\uav\gcs\unist_gcs-qt5.9.3\build\obj\px4radiocomponent.obj
d:\uav\gcs\unist_gcs-qt5.9.3\build\obj\px4parametermetadata.obj
d:\uav\gcs\unist_gcs-qt5.9.3\build\obj\px4logparser.obj
d:\uav\gcs\unist_gcs-qt5.9.3\build\obj\qgcmapcircle.obj
d:\uav\gcs\unist_gcs-qt5.9.3\build\obj\qgcmavlinklogplayer.obj
d:\uav\gcs\unist_gcs-qt5.9.3\build\obj\qgcmavlinkinspector.obj
d:\uav\gcs\unist_gcs-qt5.9.3\build\obj\qgcmavlink.obj
d:\uav\gcs\unist_gcs-qt5.9.3\build\obj\qgcloggingcategory.obj
d:\uav\gcs\unist_gcs-qt5.9.3\build\obj\qgcjsbsimlink.obj
d:\uav\gcs\unist_gcs-qt5.9.3\build\obj\qgcimageprovider.obj
d:\uav\gcs\unist_gcs-qt5.9.3\build\obj\qgchilxplaneconfiguration.obj
d:\uav\gcs\unist_gcs-qt5.9.3\build\obj\qgchiljsbsimconfiguration.obj
d:\uav\gcs\unist_gcs-qt5.9.3\build\obj\qgchilflightgearconfiguration.obj
d:\uav\gcs\unist_gcs-qt5.9.3\build\obj\qgchilconfiguration.obj
d:\uav\gcs\unist_gcs-qt5.9.3\build\obj\qgcgeo.obj
d:\uav\gcs\unist_gcs-qt5.9.3\build\obj\qgcflightgearlink.obj
d:\uav\gcs\unist_gcs-qt5.9.3\build\obj\qgcfiledownload.obj
d:\uav\gcs\unist_gcs-qt5.9.3\build\obj\qgcfiledialogcontroller.obj
d:\uav\gcs\unist_gcs-qt5.9.3\build\obj\qgcfencepolygon.obj
d:\uav\gcs\unist_gcs-qt5.9.3\build\obj\qgcfencecircle.obj
d:\uav\gcs\unist_gcs-qt5.9.3\build\obj\qgcdockwidget.obj
d:\uav\gcs\unist_gcs-qt5.9.3\build\obj\qgccoreplugin.obj
d:\uav\gcs\unist_gcs-qt5.9.3\build\obj\qgccombobox.obj
d:\uav\gcs\unist_gcs-qt5.9.3\build\obj\qgctilecacheworker.obj
d:\uav\gcs\unist_gcs-qt5.9.3\build\obj\qgctemporaryfile.obj
d:\uav\gcs\unist_gcs-qt5.9.3\build\obj\qgcsettings.obj
d:\uav\gcs\unist_gcs-qt5.9.3\build\obj\qgcserialportinfo.obj
d:\uav\gcs\unist_gcs-qt5.9.3\build\obj\qgcquickwidget.obj
d:\uav\gcs\unist_gcs-qt5.9.3\build\obj\qgcqmlwidgetholder.obj
d:\uav\gcs\unist_gcs-qt5.9.3\build\obj\qgcqgeocoordinate.obj
d:\uav\gcs\unist_gcs-qt5.9.3\build\obj\qgcqfiledialog.obj
d:\uav\gcs\unist_gcs-qt5.9.3\build\obj\qgcpalette.obj
d:\uav\gcs\unist_gcs-qt5.9.3\build\obj\qgcoptions.obj
d:\uav\gcs\unist_gcs-qt5.9.3\build\obj\qgcmapurlengine.obj
d:\uav\gcs\unist_gcs-qt5.9.3\build\obj\qgcmaptileset.obj
d:\uav\gcs\unist_gcs-qt5.9.3\build\obj\qgcmaprctoparamdialog.obj
d:\uav\gcs\unist_gcs-qt5.9.3\build\obj\qgcmappolylinetest.obj
d:\uav\gcs\unist_gcs-qt5.9.3\build\obj\qgcmappolyline.obj
d:\uav\gcs\unist_gcs-qt5.9.3\build\obj\qgcmappolygontest.obj
d:\uav\gcs\unist_gcs-qt5.9.3\build\obj\qgcmappolygon.obj
d:\uav\gcs\unist_gcs-qt5.9.3\build\obj\qgcmappalette.obj
d:\uav\gcs\unist_gcs-qt5.9.3\build\obj\qgcmapenginemanager.obj
d:\uav\gcs\unist_gcs-qt5.9.3\build\obj\qgcmapengine.obj
d:\uav\gcs\unist_gcs-qt5.9.3\build\obj\radioconfigtest.obj
d:\uav\gcs\unist_gcs-qt5.9.3\build\obj\radiocomponentcontroller.obj
d:\uav\gcs\unist_gcs-qt5.9.3\build\obj\rtksettings.obj
d:\uav\gcs\unist_gcs-qt5.9.3\build\obj\rtcmmavlink.obj
d:\uav\gcs\unist_gcs-qt5.9.3\build\obj\rcchannelmonitorcontroller.obj
d:\uav\gcs\unist_gcs-qt5.9.3\build\obj\qmltestwidget.obj
d:\uav\gcs\unist_gcs-qt5.9.3\build\obj\qmlobjectlistmodel.obj
d:\uav\gcs\unist_gcs-qt5.9.3\build\obj\qmlcomponentinfo.obj
d:\uav\gcs\unist_gcs-qt5.9.3\build\obj\qgroundcontrolqmlglobal.obj
d:\uav\gcs\unist_gcs-qt5.9.3\build\obj\qgeotiledmappingmanagerengineqgc.obj
d:\uav\gcs\unist_gcs-qt5.9.3\build\obj\qgeotilefetcherqgc.obj
d:\uav\gcs\unist_gcs-qt5.9.3\build\obj\qgeoserviceproviderpluginqgc.obj
d:\uav\gcs\unist_gcs-qt5.9.3\build\obj\qgeomapreplyqgc.obj
d:\uav\gcs\unist_gcs-qt5.9.3\build\obj\qgeocodingmanagerengineqgc.obj
d:\uav\gcs\unist_gcs-qt5.9.3\build\obj\qgeocodereplyqgc.obj
d:\uav\gcs\unist_gcs-qt5.9.3\build\obj\qgcxplanelink.obj
d:\uav\gcs\unist_gcs-qt5.9.3\build\obj\qgcunconnectedinfowidget.obj
d:\uav\gcs\unist_gcs-qt5.9.3\build\obj\qgcuasfileviewmulti.obj
d:\uav\gcs\unist_gcs-qt5.9.3\build\obj\qgcuasfileview.obj
d:\uav\gcs\unist_gcs-qt5.9.3\build\obj\qgctoolbox.obj
d:\uav\gcs\unist_gcs-qt5.9.3\build\obj\speedsection.obj
d:\uav\gcs\unist_gcs-qt5.9.3\build\obj\simulatedposition.obj
d:\uav\gcs\unist_gcs-qt5.9.3\build\obj\simplemissionitemtest.obj
d:\uav\gcs\unist_gcs-qt5.9.3\build\obj\simplemissionitem.obj
d:\uav\gcs\unist_gcs-qt5.9.3\build\obj\settingsmanager.obj
d:\uav\gcs\unist_gcs-qt5.9.3\build\obj\settingsgroup.obj
d:\uav\gcs\unist_gcs-qt5.9.3\build\obj\settingsfact.obj
d:\uav\gcs\unist_gcs-qt5.9.3\build\obj\seriallink.obj
d:\uav\gcs\unist_gcs-qt5.9.3\build\obj\sensorscomponentcontroller.obj
d:\uav\gcs\unist_gcs-qt5.9.3\build\obj\sensorscomponent.obj
d:\uav\gcs\unist_gcs-qt5.9.3\build\obj\sendmavcommandtest.obj
d:\uav\gcs\unist_gcs-qt5.9.3\build\obj\sectiontest.obj
d:\uav\gcs\unist_gcs-qt5.9.3\build\obj\scrollbar.obj
d:\uav\gcs\unist_gcs-qt5.9.3\build\obj\scrollzoomer.obj
d:\uav\gcs\unist_gcs-qt5.9.3\build\obj\screentoolscontroller.obj
d:\uav\gcs\unist_gcs-qt5.9.3\build\obj\safetycomponent.obj
d:\uav\gcs\unist_gcs-qt5.9.3\build\obj\runguard.obj
d:\uav\gcs\unist_gcs-qt5.9.3\build\obj\rallypointmanager.obj
d:\uav\gcs\unist_gcs-qt5.9.3\build\obj\rallypointcontroller.obj
d:\uav\gcs\unist_gcs-qt5.9.3\build\obj\rallypoint.obj
d:\uav\gcs\unist_gcs-qt5.9.3\build\obj\unittest.obj
d:\uav\gcs\unist_gcs-qt5.9.3\build\obj\utm.obj
d:\uav\gcs\unist_gcs-qt5.9.3\build\obj\ulogparser.obj
d:\uav\gcs\unist_gcs-qt5.9.3\build\obj\udplink.obj
d:\uav\gcs\unist_gcs-qt5.9.3\build\obj\uasmessagehandler.obj
d:\uav\gcs\unist_gcs-qt5.9.3\build\obj\uas.obj
d:\uav\gcs\unist_gcs-qt5.9.3\build\obj\transectstylecomplexitemtest.obj
d:\uav\gcs\unist_gcs-qt5.9.3\build\obj\transectstylecomplexitem.obj
d:\uav\gcs\unist_gcs-qt5.9.3\build\obj\terraintile.obj
d:\uav\gcs\unist_gcs-qt5.9.3\build\obj\terrainquery.obj
d:\uav\gcs\unist_gcs-qt5.9.3\build\obj\tcploopbackserver.obj
d:\uav\gcs\unist_gcs-qt5.9.3\build\obj\tcplinktest.obj
d:\uav\gcs\unist_gcs-qt5.9.3\build\obj\tcplink.obj
d:\uav\gcs\unist_gcs-qt5.9.3\build\obj\syslinkcomponentcontroller.obj
d:\uav\gcs\unist_gcs-qt5.9.3\build\obj\syslinkcomponent.obj
d:\uav\gcs\unist_gcs-qt5.9.3\build\obj\surveycomplexitemtest.obj
d:\uav\gcs\unist_gcs-qt5.9.3\build\obj\surveycomplexitem.obj
d:\uav\gcs\unist_gcs-qt5.9.3\build\obj\structurescancomplexitemtest.obj
d:\uav\gcs\unist_gcs-qt5.9.3\build\obj\structurescancomplexitem.obj
d:\uav\gcs\unist_gcs-qt5.9.3\build\obj\speedsectiontest.obj
d:\uav\gcs\unist_gcs-qt5.9.3\build\obj\qwt_abstract_slider.obj
d:\uav\gcs\unist_gcs-qt5.9.3\build\obj\qwt_abstract_scale_draw.obj
d:\uav\gcs\unist_gcs-qt5.9.3\build\obj\qwt_abstract_scale.obj
d:\uav\gcs\unist_gcs-qt5.9.3\build\obj\qwt_abstract_legend.obj
d:\uav\gcs\unist_gcs-qt5.9.3\build\obj\main.obj
d:\uav\gcs\unist_gcs-qt5.9.3\build\obj\gps_helper.obj
d:\uav\gcs\unist_gcs-qt5.9.3\build\obj\visualmissionitemtest.obj
d:\uav\gcs\unist_gcs-qt5.9.3\build\obj\visualmissionitem.obj
d:\uav\gcs\unist_gcs-qt5.9.3\build\obj\viewwidgetcontroller.obj
d:\uav\gcs\unist_gcs-qt5.9.3\build\obj\videosurface.obj
d:\uav\gcs\unist_gcs-qt5.9.3\build\obj\videostreaming.obj
d:\uav\gcs\unist_gcs-qt5.9.3\build\obj\videosettings.obj
d:\uav\gcs\unist_gcs-qt5.9.3\build\obj\videoreceiver.obj
d:\uav\gcs\unist_gcs-qt5.9.3\build\obj\videomanager.obj
d:\uav\gcs\unist_gcs-qt5.9.3\build\obj\videoitem.obj
d:\uav\gcs\unist_gcs-qt5.9.3\build\obj\vehiclecomponent.obj
d:\uav\gcs\unist_gcs-qt5.9.3\build\obj\vehicle.obj
d:\uav\gcs\unist_gcs-qt5.9.3\build\obj\valueswidgetcontroller.obj
d:\uav\gcs\unist_gcs-qt5.9.3\build\obj\unitssettings.obj
d:\uav\gcs\unist_gcs-qt5.9.3\build\obj\unittestlist.obj
d:\uav\gcs\unist_gcs-qt5.9.3\build\obj\qwt_math.obj
d:\uav\gcs\unist_gcs-qt5.9.3\build\obj\qwt_magnifier.obj
d:\uav\gcs\unist_gcs-qt5.9.3\build\obj\qwt_legend_label.obj
d:\uav\gcs\unist_gcs-qt5.9.3\build\obj\qwt_legend_data.obj
d:\uav\gcs\unist_gcs-qt5.9.3\build\obj\qwt_legend.obj
d:\uav\gcs\unist_gcs-qt5.9.3\build\obj\qwt_knob.obj
d:\uav\gcs\unist_gcs-qt5.9.3\build\obj\qwt_interval.obj
d:\uav\gcs\unist_gcs-qt5.9.3\build\obj\qwt_graphic.obj
d:\uav\gcs\unist_gcs-qt5.9.3\build\obj\qwt_event_pattern.obj
d:\uav\gcs\unist_gcs-qt5.9.3\build\obj\qwt_dyngrid_layout.obj
d:\uav\gcs\unist_gcs-qt5.9.3\build\obj\qwt_dial_needle.obj
d:\uav\gcs\unist_gcs-qt5.9.3\build\obj\qwt_dial.obj
d:\uav\gcs\unist_gcs-qt5.9.3\build\obj\qwt_curve_fitter.obj
d:\uav\gcs\unist_gcs-qt5.9.3\build\obj\qwt_counter.obj
d:\uav\gcs\unist_gcs-qt5.9.3\build\obj\qwt_compass_rose.obj
d:\uav\gcs\unist_gcs-qt5.9.3\build\obj\qwt_compass.obj
d:\uav\gcs\unist_gcs-qt5.9.3\build\obj\qwt_color_map.obj
d:\uav\gcs\unist_gcs-qt5.9.3\build\obj\qwt_clipper.obj
d:\uav\gcs\unist_gcs-qt5.9.3\build\obj\qwt_arrow_button.obj
d:\uav\gcs\unist_gcs-qt5.9.3\build\obj\qwt_analog_clock.obj
d:\uav\gcs\unist_gcs-qt5.9.3\build\obj\qwt_plot_rasteritem.obj
d:\uav\gcs\unist_gcs-qt5.9.3\build\obj\qwt_plot_picker.obj
d:\uav\gcs\unist_gcs-qt5.9.3\build\obj\qwt_plot_panner.obj
d:\uav\gcs\unist_gcs-qt5.9.3\build\obj\qwt_plot_marker.obj
d:\uav\gcs\unist_gcs-qt5.9.3\build\obj\qwt_plot_magnifier.obj
d:\uav\gcs\unist_gcs-qt5.9.3\build\obj\qwt_plot_layout.obj
d:\uav\gcs\unist_gcs-qt5.9.3\build\obj\qwt_plot_item.obj
d:\uav\gcs\unist_gcs-qt5.9.3\build\obj\qwt_plot_grid.obj
d:\uav\gcs\unist_gcs-qt5.9.3\build\obj\qwt_plot_dict.obj
d:\uav\gcs\unist_gcs-qt5.9.3\build\obj\qwt_plot_curve.obj
d:\uav\gcs\unist_gcs-qt5.9.3\build\obj\qwt_plot_canvas.obj
d:\uav\gcs\unist_gcs-qt5.9.3\build\obj\qwt_plot_axis.obj
d:\uav\gcs\unist_gcs-qt5.9.3\build\obj\qwt_plot.obj
d:\uav\gcs\unist_gcs-qt5.9.3\build\obj\qwt_pixel_matrix.obj
d:\uav\gcs\unist_gcs-qt5.9.3\build\obj\qwt_picker_machine.obj
d:\uav\gcs\unist_gcs-qt5.9.3\build\obj\qwt_picker.obj
d:\uav\gcs\unist_gcs-qt5.9.3\build\obj\qwt_panner.obj
d:\uav\gcs\unist_gcs-qt5.9.3\build\obj\qwt_painter_command.obj
d:\uav\gcs\unist_gcs-qt5.9.3\build\obj\qwt_painter.obj
d:\uav\gcs\unist_gcs-qt5.9.3\build\obj\qwt_null_paintdevice.obj
d:\uav\gcs\unist_gcs-qt5.9.3\build\obj\qwt_text.obj
d:\uav\gcs\unist_gcs-qt5.9.3\build\obj\qwt_symbol.obj
d:\uav\gcs\unist_gcs-qt5.9.3\build\obj\qwt_spline.obj
d:\uav\gcs\unist_gcs-qt5.9.3\build\obj\qwt_slider.obj
d:\uav\gcs\unist_gcs-qt5.9.3\build\obj\qwt_series_data.obj
d:\uav\gcs\unist_gcs-qt5.9.3\build\obj\qwt_scale_widget.obj
d:\uav\gcs\unist_gcs-qt5.9.3\build\obj\qwt_scale_map.obj
d:\uav\gcs\unist_gcs-qt5.9.3\build\obj\qwt_scale_engine.obj
d:\uav\gcs\unist_gcs-qt5.9.3\build\obj\qwt_scale_draw.obj
d:\uav\gcs\unist_gcs-qt5.9.3\build\obj\qwt_scale_div.obj
d:\uav\gcs\unist_gcs-qt5.9.3\build\obj\qwt_round_scale_draw.obj
d:\uav\gcs\unist_gcs-qt5.9.3\build\obj\qwt_raster_data.obj
d:\uav\gcs\unist_gcs-qt5.9.3\build\obj\qwt_point_mapper.obj
d:\uav\gcs\unist_gcs-qt5.9.3\build\obj\qwt_point_data.obj
d:\uav\gcs\unist_gcs-qt5.9.3\build\obj\qwt_plot_zoomer.obj
d:\uav\gcs\unist_gcs-qt5.9.3\build\obj\qwt_plot_xml.obj
d:\uav\gcs\unist_gcs-qt5.9.3\build\obj\qwt_plot_svgitem.obj
d:\uav\gcs\unist_gcs-qt5.9.3\build\obj\qwt_plot_spectrogram.obj
d:\uav\gcs\unist_gcs-qt5.9.3\build\obj\qwt_plot_seriesitem.obj
d:\uav\gcs\unist_gcs-qt5.9.3\build\obj\qwt_plot_scaleitem.obj
d:\uav\gcs\unist_gcs-qt5.9.3\build\obj\moc_apmparametermetadata.obj
d:\uav\gcs\unist_gcs-qt5.9.3\build\obj\moc_apmlightscomponent.obj
d:\uav\gcs\unist_gcs-qt5.9.3\build\obj\moc_apmflightmodescomponentcontroller.obj
d:\uav\gcs\unist_gcs-qt5.9.3\build\obj\moc_apmflightmodescomponent.obj
d:\uav\gcs\unist_gcs-qt5.9.3\build\obj\moc_apmfirmwarepluginfactory.obj
d:\uav\gcs\unist_gcs-qt5.9.3\build\obj\moc_apmfirmwareplugin.obj
d:\uav\gcs\unist_gcs-qt5.9.3\build\obj\moc_apmcompasscal.obj
d:\uav\gcs\unist_gcs-qt5.9.3\build\obj\moc_apmcameracomponent.obj
d:\uav\gcs\unist_gcs-qt5.9.3\build\obj\moc_apmautopilotplugin.obj
d:\uav\gcs\unist_gcs-qt5.9.3\build\obj\moc_apmairframeloader.obj
d:\uav\gcs\unist_gcs-qt5.9.3\build\obj\moc_apmairframecomponentcontroller.obj
d:\uav\gcs\unist_gcs-qt5.9.3\build\obj\moc_apmairframecomponent.obj
d:\uav\gcs\unist_gcs-qt5.9.3\build\obj\moc_adsbvehicle.obj
d:\uav\gcs\unist_gcs-qt5.9.3\build\obj\ubx.obj
d:\uav\gcs\unist_gcs-qt5.9.3\build\obj\qwt_widget_overlay.obj
d:\uav\gcs\unist_gcs-qt5.9.3\build\obj\qwt_wheel.obj
d:\uav\gcs\unist_gcs-qt5.9.3\build\obj\qwt_transform.obj
d:\uav\gcs\unist_gcs-qt5.9.3\build\obj\qwt_thermo.obj
d:\uav\gcs\unist_gcs-qt5.9.3\build\obj\qwt_text_label.obj
d:\uav\gcs\unist_gcs-qt5.9.3\build\obj\qwt_text_engine.obj
d:\uav\gcs\unist_gcs-qt5.9.3\build\obj\moc_bootloader.obj
d:\uav\gcs\unist_gcs-qt5.9.3\build\obj\moc_autopilotplugin.obj
d:\uav\gcs\unist_gcs-qt5.9.3\build\obj\moc_autoconnectsettings.obj
d:\uav\gcs\unist_gcs-qt5.9.3\build\obj\moc_audiooutputtest.obj
d:\uav\gcs\unist_gcs-qt5.9.3\build\obj\moc_audiooutput.obj
d:\uav\gcs\unist_gcs-qt5.9.3\build\obj\moc_ardusubfirmwareplugin.obj
d:\uav\gcs\unist_gcs-qt5.9.3\build\obj\moc_arduroverfirmwareplugin.obj
d:\uav\gcs\unist_gcs-qt5.9.3\build\obj\moc_arduplanefirmwareplugin.obj
d:\uav\gcs\unist_gcs-qt5.9.3\build\obj\moc_arducopterfirmwareplugin.obj
d:\uav\gcs\unist_gcs-qt5.9.3\build\obj\moc_appsettings.obj
d:\uav\gcs\unist_gcs-qt5.9.3\build\obj\moc_appmessages.obj
d:\uav\gcs\unist_gcs-qt5.9.3\build\obj\moc_airframecomponentcontroller.obj
d:\uav\gcs\unist_gcs-qt5.9.3\build\obj\moc_airframecomponent.obj
d:\uav\gcs\unist_gcs-qt5.9.3\build\obj\moc_apmtuningcomponent.obj
d:\uav\gcs\unist_gcs-qt5.9.3\build\obj\moc_apmsubframecomponent.obj
d:\uav\gcs\unist_gcs-qt5.9.3\build\obj\moc_apmsensorscomponentcontroller.obj
d:\uav\gcs\unist_gcs-qt5.9.3\build\obj\moc_apmsensorscomponent.obj
d:\uav\gcs\unist_gcs-qt5.9.3\build\obj\moc_apmsafetycomponent.obj
d:\uav\gcs\unist_gcs-qt5.9.3\build\obj\moc_apmradiocomponent.obj
d:\uav\gcs\unist_gcs-qt5.9.3\build\obj\moc_apmpowercomponent.obj
d:\uav\gcs\unist_gcs-qt5.9.3\build\obj\moc_factgroup.obj
d:\uav\gcs\unist_gcs-qt5.9.3\build\obj\moc_fact.obj
d:\uav\gcs\unist_gcs-qt5.9.3\build\obj\moc_editpositiondialogcontroller.obj
d:\uav\gcs\unist_gcs-qt5.9.3\build\obj\moc_esp8266componentcontroller.obj
d:\uav\gcs\unist_gcs-qt5.9.3\build\obj\moc_esp8266component.obj
d:\uav\gcs\unist_gcs-qt5.9.3\build\obj\moc_customcommandwidgetcontroller.obj
d:\uav\gcs\unist_gcs-qt5.9.3\build\obj\moc_customcommandwidget.obj
d:\uav\gcs\unist_gcs-qt5.9.3\build\obj\moc_corridorscancomplexitemtest.obj
d:\uav\gcs\unist_gcs-qt5.9.3\build\obj\moc_corridorscancomplexitem.obj
d:\uav\gcs\unist_gcs-qt5.9.3\build\obj\moc_coordinatevector.obj
d:\uav\gcs\unist_gcs-qt5.9.3\build\obj\moc_complexmissionitem.obj
d:\uav\gcs\unist_gcs-qt5.9.3\build\obj\moc_chartplot.obj
d:\uav\gcs\unist_gcs-qt5.9.3\build\obj\moc_cameraspec.obj
d:\uav\gcs\unist_gcs-qt5.9.3\build\obj\moc_camerasectiontest.obj
d:\uav\gcs\unist_gcs-qt5.9.3\build\obj\moc_camerasection.obj
d:\uav\gcs\unist_gcs-qt5.9.3\build\obj\moc_camerametadata.obj
d:\uav\gcs\unist_gcs-qt5.9.3\build\obj\moc_cameracomponent.obj
d:\uav\gcs\unist_gcs-qt5.9.3\build\obj\moc_cameracalctest.obj
d:\uav\gcs\unist_gcs-qt5.9.3\build\obj\moc_cameracalc.obj
d:\uav\gcs\unist_gcs-qt5.9.3\build\obj\moc_brandimagesettings.obj
d:\uav\gcs\unist_gcs-qt5.9.3\build\obj\moc_gpsmanager.obj
d:\uav\gcs\unist_gcs-qt5.9.3\build\obj\moc_followme.obj
d:\uav\gcs\unist_gcs-qt5.9.3\build\obj\moc_flightmodescomponent.obj
d:\uav\gcs\unist_gcs-qt5.9.3\build\obj\moc_flightmapsettings.obj
d:\uav\gcs\unist_gcs-qt5.9.3\build\obj\moc_flightgeartest.obj
d:\uav\gcs\unist_gcs-qt5.9.3\build\obj\moc_fixedwinglandingcomplexitem.obj
d:\uav\gcs\unist_gcs-qt5.9.3\build\obj\moc_firmwareupgradecontroller.obj
d:\uav\gcs\unist_gcs-qt5.9.3\build\obj\moc_firmwarepluginmanager.obj
d:\uav\gcs\unist_gcs-qt5.9.3\build\obj\moc_firmwareplugin.obj
d:\uav\gcs\unist_gcs-qt5.9.3\build\obj\moc_firmwareimage.obj
d:\uav\gcs\unist_gcs-qt5.9.3\build\obj\moc_filemanagertest.obj
d:\uav\gcs\unist_gcs-qt5.9.3\build\obj\moc_filemanager.obj
d:\uav\gcs\unist_gcs-qt5.9.3\build\obj\moc_filedialogtest.obj
d:\uav\gcs\unist_gcs-qt5.9.3\build\obj\moc_factvaluesliderlistmodel.obj
d:\uav\gcs\unist_gcs-qt5.9.3\build\obj\moc_factsystemtestpx4.obj
d:\uav\gcs\unist_gcs-qt5.9.3\build\obj\moc_factsystemtestgeneric.obj
d:\uav\gcs\unist_gcs-qt5.9.3\build\obj\moc_factsystemtestbase.obj
d:\uav\gcs\unist_gcs-qt5.9.3\build\obj\moc_factsystem.obj
d:\uav\gcs\unist_gcs-qt5.9.3\build\obj\moc_factpanelcontroller.obj
d:\uav\gcs\unist_gcs-qt5.9.3\build\obj\moc_factmetadata.obj
d:\uav\gcs\unist_gcs-qt5.9.3\build\obj\moc_linkinterface.obj
d:\uav\gcs\unist_gcs-qt5.9.3\build\obj\moc_linkconfiguration.obj
d:\uav\gcs\unist_gcs-qt5.9.3\build\obj\moc_linecharts.obj
d:\uav\gcs\unist_gcs-qt5.9.3\build\obj\moc_linechartwidget.obj
d:\uav\gcs\unist_gcs-qt5.9.3\build\obj\moc_linechartplot.obj
d:\uav\gcs\unist_gcs-qt5.9.3\build\obj\moc_kmlfilehelper.obj
d:\uav\gcs\unist_gcs-qt5.9.3\build\obj\moc_joystickmanager.obj
d:\uav\gcs\unist_gcs-qt5.9.3\build\obj\moc_joystickconfigcontroller.obj
d:\uav\gcs\unist_gcs-qt5.9.3\build\obj\moc_joystick.obj
d:\uav\gcs\unist_gcs-qt5.9.3\build\obj\moc_incrementalplot.obj
d:\uav\gcs\unist_gcs-qt5.9.3\build\obj\moc_heartbeattimer.obj
d:\uav\gcs\unist_gcs-qt5.9.3\build\obj\moc_hildockwidget.obj
d:\uav\gcs\unist_gcs-qt5.9.3\build\obj\moc_guidedsettings.obj
d:\uav\gcs\unist_gcs-qt5.9.3\build\obj\moc_geotest.obj
d:\uav\gcs\unist_gcs-qt5.9.3\build\obj\moc_geotagcontroller.obj
d:\uav\gcs\unist_gcs-qt5.9.3\build\obj\moc_geofencemanager.obj
d:\uav\gcs\unist_gcs-qt5.9.3\build\obj\moc_geofencecontroller.obj
d:\uav\gcs\unist_gcs-qt5.9.3\build\obj\moc_genericautopilotplugin.obj
d:\uav\gcs\unist_gcs-qt5.9.3\build\obj\moc_gpsrtkfactgroup.obj
d:\uav\gcs\unist_gcs-qt5.9.3\build\obj\moc_gpsprovider.obj
d:\uav\gcs\unist_gcs-qt5.9.3\build\obj\moc_missioncontrollermanagertest.obj
d:\uav\gcs\unist_gcs-qt5.9.3\build\obj\moc_missioncontroller.obj
d:\uav\gcs\unist_gcs-qt5.9.3\build\obj\moc_missioncommanduiinfo.obj
d:\uav\gcs\unist_gcs-qt5.9.3\build\obj\moc_missioncommandtreetest.obj
d:\uav\gcs\unist_gcs-qt5.9.3\build\obj\moc_missioncommandtree.obj
d:\uav\gcs\unist_gcs-qt5.9.3\build\obj\moc_missioncommandlist.obj
d:\uav\gcs\unist_gcs-qt5.9.3\build\obj\moc_messageboxtest.obj
d:\uav\gcs\unist_gcs-qt5.9.3\build\obj\moc_mavlinklogtest.obj
d:\uav\gcs\unist_gcs-qt5.9.3\build\obj\moc_mavlinkconsolecontroller.obj
d:\uav\gcs\unist_gcs-qt5.9.3\build\obj\moc_mainwindowtest.obj
d:\uav\gcs\unist_gcs-qt5.9.3\build\obj\moc_mainwindow.obj
d:\uav\gcs\unist_gcs-qt5.9.3\build\obj\moc_mavlinkprotocol.obj
d:\uav\gcs\unist_gcs-qt5.9.3\build\obj\moc_mavlinklogmanager.obj
d:\uav\gcs\unist_gcs-qt5.9.3\build\obj\moc_mavlinkdecoder.obj
d:\uav\gcs\unist_gcs-qt5.9.3\build\obj\moc_logreplaylink.obj
d:\uav\gcs\unist_gcs-qt5.9.3\build\obj\moc_logdownloadtest.obj
d:\uav\gcs\unist_gcs-qt5.9.3\build\obj\moc_logdownloadcontroller.obj
d:\uav\gcs\unist_gcs-qt5.9.3\build\obj\moc_logcompressor.obj
d:\uav\gcs\unist_gcs-qt5.9.3\build\obj\moc_linkmanagertest.obj
d:\uav\gcs\unist_gcs-qt5.9.3\build\obj\moc_linkmanager.obj
d:\uav\gcs\unist_gcs-qt5.9.3\build\obj\moc_px4firmwareupgradethread.obj
d:\uav\gcs\unist_gcs-qt5.9.3\build\obj\moc_px4firmwarepluginfactory.obj
d:\uav\gcs\unist_gcs-qt5.9.3\build\obj\moc_px4firmwareplugin.obj
d:\uav\gcs\unist_gcs-qt5.9.3\build\obj\moc_px4autopilotplugin.obj
d:\uav\gcs\unist_gcs-qt5.9.3\build\obj\moc_px4airframeloader.obj
d:\uav\gcs\unist_gcs-qt5.9.3\build\obj\moc_px4advancedflightmodescontroller.obj
d:\uav\gcs\unist_gcs-qt5.9.3\build\obj\moc_multivehiclemanager.obj
d:\uav\gcs\unist_gcs-qt5.9.3\build\obj\moc_multivehicledockwidget.obj
d:\uav\gcs\unist_gcs-qt5.9.3\build\obj\moc_multisignalspy.obj
d:\uav\gcs\unist_gcs-qt5.9.3\build\obj\moc_motorcomponent.obj
d:\uav\gcs\unist_gcs-qt5.9.3\build\obj\moc_mocklinkmissionitemhandler.obj
d:\uav\gcs\unist_gcs-qt5.9.3\build\obj\moc_mocklinkfileserver.obj
d:\uav\gcs\unist_gcs-qt5.9.3\build\obj\moc_mocklink.obj
d:\uav\gcs\unist_gcs-qt5.9.3\build\obj\moc_missionsettingstest.obj
d:\uav\gcs\unist_gcs-qt5.9.3\build\obj\moc_missionsettingsitem.obj
d:\uav\gcs\unist_gcs-qt5.9.3\build\obj\moc_missionmanagertest.obj
d:\uav\gcs\unist_gcs-qt5.9.3\build\obj\moc_missionmanager.obj
d:\uav\gcs\unist_gcs-qt5.9.3\build\obj\moc_missionitemtest.obj
d:\uav\gcs\unist_gcs-qt5.9.3\build\obj\moc_missionitem.obj
d:\uav\gcs\unist_gcs-qt5.9.3\build\obj\moc_missioncontrollertest.obj
d:\uav\gcs\unist_gcs-qt5.9.3\build\obj\moc_qgccombobox.obj
d:\uav\gcs\unist_gcs-qt5.9.3\build\obj\moc_qgccameramanager.obj
d:\uav\gcs\unist_gcs-qt5.9.3\build\obj\moc_qgccameracontrol.obj
d:\uav\gcs\unist_gcs-qt5.9.3\build\obj\moc_qgcapplication.obj
d:\uav\gcs\unist_gcs-qt5.9.3\build\obj\moc_qgc.obj
d:\uav\gcs\unist_gcs-qt5.9.3\build\obj\moc_protocolinterface.obj
d:\uav\gcs\unist_gcs-qt5.9.3\build\obj\moc_powercomponentcontroller.obj
d:\uav\gcs\unist_gcs-qt5.9.3\build\obj\moc_powercomponent.obj
d:\uav\gcs\unist_gcs-qt5.9.3\build\obj\moc_positionmanager.obj
d:\uav\gcs\unist_gcs-qt5.9.3\build\obj\moc_planmastercontrollertest.obj
d:\uav\gcs\unist_gcs-qt5.9.3\build\obj\moc_planmastercontroller.obj
d:\uav\gcs\unist_gcs-qt5.9.3\build\obj\moc_planmanager.obj
d:\uav\gcs\unist_gcs-qt5.9.3\build\obj\moc_planelementcontroller.obj
d:\uav\gcs\unist_gcs-qt5.9.3\build\obj\moc_parametermanagertest.obj
d:\uav\gcs\unist_gcs-qt5.9.3\build\obj\moc_parametermanager.obj
d:\uav\gcs\unist_gcs-qt5.9.3\build\obj\moc_parametereditorcontroller.obj
d:\uav\gcs\unist_gcs-qt5.9.3\build\obj\moc_px4tuningcomponent.obj
d:\uav\gcs\unist_gcs-qt5.9.3\build\obj\moc_px4simpleflightmodescontroller.obj
d:\uav\gcs\unist_gcs-qt5.9.3\build\obj\moc_px4radiocomponent.obj
d:\uav\gcs\unist_gcs-qt5.9.3\build\obj\moc_px4parametermetadata.obj
d:\uav\gcs\unist_gcs-qt5.9.3\build\obj\moc_qgcmapenginemanager.obj
d:\uav\gcs\unist_gcs-qt5.9.3\build\obj\moc_qgcmapenginedata.obj
d:\uav\gcs\unist_gcs-qt5.9.3\build\obj\moc_qgcmapengine.obj
d:\uav\gcs\unist_gcs-qt5.9.3\build\obj\moc_qgcmapcircle.obj
d:\uav\gcs\unist_gcs-qt5.9.3\build\obj\moc_qgcmavlinklogplayer.obj
d:\uav\gcs\unist_gcs-qt5.9.3\build\obj\moc_qgcmavlinkinspector.obj
d:\uav\gcs\unist_gcs-qt5.9.3\build\obj\moc_qgcloggingcategory.obj
d:\uav\gcs\unist_gcs-qt5.9.3\build\obj\moc_qgcjsbsimlink.obj
d:\uav\gcs\unist_gcs-qt5.9.3\build\obj\moc_qgchilxplaneconfiguration.obj
d:\uav\gcs\unist_gcs-qt5.9.3\build\obj\moc_qgchillink.obj
d:\uav\gcs\unist_gcs-qt5.9.3\build\obj\moc_qgchiljsbsimconfiguration.obj
d:\uav\gcs\unist_gcs-qt5.9.3\build\obj\moc_qgchilflightgearconfiguration.obj
d:\uav\gcs\unist_gcs-qt5.9.3\build\obj\moc_qgchilconfiguration.obj
d:\uav\gcs\unist_gcs-qt5.9.3\build\obj\moc_qgcflightgearlink.obj
d:\uav\gcs\unist_gcs-qt5.9.3\build\obj\moc_qgcfiledownload.obj
d:\uav\gcs\unist_gcs-qt5.9.3\build\obj\moc_qgcfiledialogcontroller.obj
d:\uav\gcs\unist_gcs-qt5.9.3\build\obj\moc_qgcfencepolygon.obj
d:\uav\gcs\unist_gcs-qt5.9.3\build\obj\moc_qgcfencecircle.obj
d:\uav\gcs\unist_gcs-qt5.9.3\build\obj\moc_qgcdockwidget.obj
d:\uav\gcs\unist_gcs-qt5.9.3\build\obj\moc_qgccoreplugin.obj
d:\uav\gcs\unist_gcs-qt5.9.3\build\obj\moc_qgcunconnectedinfowidget.obj
d:\uav\gcs\unist_gcs-qt5.9.3\build\obj\moc_qgcuasfileviewmulti.obj
d:\uav\gcs\unist_gcs-qt5.9.3\build\obj\moc_qgcuasfileview.obj
d:\uav\gcs\unist_gcs-qt5.9.3\build\obj\moc_qgctoolbox.obj
d:\uav\gcs\unist_gcs-qt5.9.3\build\obj\moc_qgctilecacheworker.obj
d:\uav\gcs\unist_gcs-qt5.9.3\build\obj\moc_qgctemporaryfile.obj
d:\uav\gcs\unist_gcs-qt5.9.3\build\obj\moc_qgcsettings.obj
d:\uav\gcs\unist_gcs-qt5.9.3\build\obj\moc_qgcquickwidget.obj
d:\uav\gcs\unist_gcs-qt5.9.3\build\obj\moc_qgcqmlwidgetholder.obj
d:\uav\gcs\unist_gcs-qt5.9.3\build\obj\moc_qgcqgeocoordinate.obj
d:\uav\gcs\unist_gcs-qt5.9.3\build\obj\moc_qgcpalette.obj
d:\uav\gcs\unist_gcs-qt5.9.3\build\obj\moc_qgcoptions.obj
d:\uav\gcs\unist_gcs-qt5.9.3\build\obj\moc_qgcmapurlengine.obj
d:\uav\gcs\unist_gcs-qt5.9.3\build\obj\moc_qgcmaptileset.obj
d:\uav\gcs\unist_gcs-qt5.9.3\build\obj\moc_qgcmaprctoparamdialog.obj
d:\uav\gcs\unist_gcs-qt5.9.3\build\obj\moc_qgcmappolylinetest.obj
d:\uav\gcs\unist_gcs-qt5.9.3\build\obj\moc_qgcmappolyline.obj
d:\uav\gcs\unist_gcs-qt5.9.3\build\obj\moc_qgcmappolygontest.obj
d:\uav\gcs\unist_gcs-qt5.9.3\build\obj\moc_qgcmappolygon.obj
d:\uav\gcs\unist_gcs-qt5.9.3\build\obj\moc_qgcmappalette.obj
d:\uav\gcs\unist_gcs-qt5.9.3\build\obj\moc_safetycomponent.obj
d:\uav\gcs\unist_gcs-qt5.9.3\build\obj\moc_rallypointmanager.obj
d:\uav\gcs\unist_gcs-qt5.9.3\build\obj\moc_rallypointcontroller.obj
d:\uav\gcs\unist_gcs-qt5.9.3\build\obj\moc_rallypoint.obj
d:\uav\gcs\unist_gcs-qt5.9.3\build\obj\moc_radioconfigtest.obj
d:\uav\gcs\unist_gcs-qt5.9.3\build\obj\moc_radiocomponentcontroller.obj
d:\uav\gcs\unist_gcs-qt5.9.3\build\obj\moc_rtksettings.obj
d:\uav\gcs\unist_gcs-qt5.9.3\build\obj\moc_rtcmmavlink.obj
d:\uav\gcs\unist_gcs-qt5.9.3\build\obj\moc_rcchannelmonitorcontroller.obj
d:\uav\gcs\unist_gcs-qt5.9.3\build\obj\moc_qmltestwidget.obj
d:\uav\gcs\unist_gcs-qt5.9.3\build\obj\moc_qmlobjectlistmodel.obj
d:\uav\gcs\unist_gcs-qt5.9.3\build\obj\moc_qmlcomponentinfo.obj
d:\uav\gcs\unist_gcs-qt5.9.3\build\obj\moc_qgroundcontrolqmlglobal.obj
d:\uav\gcs\unist_gcs-qt5.9.3\build\obj\moc_qgeotiledmappingmanagerengineqgc.obj
d:\uav\gcs\unist_gcs-qt5.9.3\build\obj\moc_qgeotilefetcherqgc.obj
d:\uav\gcs\unist_gcs-qt5.9.3\build\obj\moc_qgeoserviceproviderpluginqgc.obj
d:\uav\gcs\unist_gcs-qt5.9.3\build\obj\moc_qgeomapreplyqgc.obj
d:\uav\gcs\unist_gcs-qt5.9.3\build\obj\moc_qgeocodingmanagerengineqgc.obj
d:\uav\gcs\unist_gcs-qt5.9.3\build\obj\moc_qgeocodereplyqgc.obj
d:\uav\gcs\unist_gcs-qt5.9.3\build\obj\moc_qgcxplanelink.obj
d:\uav\gcs\unist_gcs-qt5.9.3\build\obj\moc_surveycomplexitem.obj
d:\uav\gcs\unist_gcs-qt5.9.3\build\obj\moc_structurescancomplexitemtest.obj
d:\uav\gcs\unist_gcs-qt5.9.3\build\obj\moc_structurescancomplexitem.obj
d:\uav\gcs\unist_gcs-qt5.9.3\build\obj\moc_speedsectiontest.obj
d:\uav\gcs\unist_gcs-qt5.9.3\build\obj\moc_speedsection.obj
d:\uav\gcs\unist_gcs-qt5.9.3\build\obj\moc_simulatedposition.obj
d:\uav\gcs\unist_gcs-qt5.9.3\build\obj\moc_simplemissionitemtest.obj
d:\uav\gcs\unist_gcs-qt5.9.3\build\obj\moc_simplemissionitem.obj
d:\uav\gcs\unist_gcs-qt5.9.3\build\obj\moc_settingsmanager.obj
d:\uav\gcs\unist_gcs-qt5.9.3\build\obj\moc_settingsgroup.obj
d:\uav\gcs\unist_gcs-qt5.9.3\build\obj\moc_settingsfact.obj
d:\uav\gcs\unist_gcs-qt5.9.3\build\obj\moc_seriallink.obj
d:\uav\gcs\unist_gcs-qt5.9.3\build\obj\moc_sensorscomponentcontroller.obj
d:\uav\gcs\unist_gcs-qt5.9.3\build\obj\moc_sensorscomponent.obj
d:\uav\gcs\unist_gcs-qt5.9.3\build\obj\moc_sendmavcommandtest.obj
d:\uav\gcs\unist_gcs-qt5.9.3\build\obj\moc_sectiontest.obj
d:\uav\gcs\unist_gcs-qt5.9.3\build\obj\moc_section.obj
d:\uav\gcs\unist_gcs-qt5.9.3\build\obj\moc_scrollbar.obj
d:\uav\gcs\unist_gcs-qt5.9.3\build\obj\moc_scrollzoomer.obj
d:\uav\gcs\unist_gcs-qt5.9.3\build\obj\moc_screentoolscontroller.obj
d:\uav\gcs\unist_gcs-qt5.9.3\build\obj\moc_videomanager.obj
d:\uav\gcs\unist_gcs-qt5.9.3\build\obj\moc_videoitem.obj
d:\uav\gcs\unist_gcs-qt5.9.3\build\obj\moc_vehiclecomponent.obj
d:\uav\gcs\unist_gcs-qt5.9.3\build\obj\moc_vehicle.obj
d:\uav\gcs\unist_gcs-qt5.9.3\build\obj\moc_valueswidgetcontroller.obj
d:\uav\gcs\unist_gcs-qt5.9.3\build\obj\moc_unitssettings.obj
d:\uav\gcs\unist_gcs-qt5.9.3\build\obj\moc_unittest.obj
d:\uav\gcs\unist_gcs-qt5.9.3\build\obj\moc_udplink.obj
d:\uav\gcs\unist_gcs-qt5.9.3\build\obj\moc_uasmessagehandler.obj
d:\uav\gcs\unist_gcs-qt5.9.3\build\obj\moc_uasinterface.obj
d:\uav\gcs\unist_gcs-qt5.9.3\build\obj\moc_uas.obj
d:\uav\gcs\unist_gcs-qt5.9.3\build\obj\moc_transectstylecomplexitemtest.obj
d:\uav\gcs\unist_gcs-qt5.9.3\build\obj\moc_transectstylecomplexitem.obj
d:\uav\gcs\unist_gcs-qt5.9.3\build\obj\moc_terrainquery.obj
d:\uav\gcs\unist_gcs-qt5.9.3\build\obj\moc_tcploopbackserver.obj
d:\uav\gcs\unist_gcs-qt5.9.3\build\obj\moc_tcplinktest.obj
d:\uav\gcs\unist_gcs-qt5.9.3\build\obj\moc_tcplink.obj
d:\uav\gcs\unist_gcs-qt5.9.3\build\obj\moc_syslinkcomponentcontroller.obj
d:\uav\gcs\unist_gcs-qt5.9.3\build\obj\moc_syslinkcomponent.obj
d:\uav\gcs\unist_gcs-qt5.9.3\build\obj\moc_surveycomplexitemtest.obj
d:\uav\gcs\unist_gcs-qt5.9.3\build\obj\moc_qwt_picker.obj
d:\uav\gcs\unist_gcs-qt5.9.3\build\obj\moc_qwt_panner.obj
d:\uav\gcs\unist_gcs-qt5.9.3\build\obj\moc_qwt_magnifier.obj
d:\uav\gcs\unist_gcs-qt5.9.3\build\obj\moc_qwt_legend_label.obj
d:\uav\gcs\unist_gcs-qt5.9.3\build\obj\moc_qwt_legend.obj
d:\uav\gcs\unist_gcs-qt5.9.3\build\obj\moc_qwt_knob.obj
d:\uav\gcs\unist_gcs-qt5.9.3\build\obj\moc_qwt_dyngrid_layout.obj
d:\uav\gcs\unist_gcs-qt5.9.3\build\obj\moc_qwt_dial.obj
d:\uav\gcs\unist_gcs-qt5.9.3\build\obj\moc_qwt_counter.obj
d:\uav\gcs\unist_gcs-qt5.9.3\build\obj\moc_qwt_compass.obj
d:\uav\gcs\unist_gcs-qt5.9.3\build\obj\moc_qwt_analog_clock.obj
d:\uav\gcs\unist_gcs-qt5.9.3\build\obj\moc_qwt_abstract_slider.obj
d:\uav\gcs\unist_gcs-qt5.9.3\build\obj\moc_qwt_abstract_scale.obj
d:\uav\gcs\unist_gcs-qt5.9.3\build\obj\moc_qwt_abstract_legend.obj
d:\uav\gcs\unist_gcs-qt5.9.3\build\obj\moc_visualmissionitemtest.obj
d:\uav\gcs\unist_gcs-qt5.9.3\build\obj\moc_visualmissionitem.obj
d:\uav\gcs\unist_gcs-qt5.9.3\build\obj\moc_viewwidgetcontroller.obj
d:\uav\gcs\unist_gcs-qt5.9.3\build\obj\moc_videosurface.obj
d:\uav\gcs\unist_gcs-qt5.9.3\build\obj\moc_videosettings.obj
d:\uav\gcs\unist_gcs-qt5.9.3\build\obj\moc_videoreceiver.obj
d:\uav\gcs\unist_gcs-qt5.9.3\build\obj\qrc_qgroundcontrol.obj
d:\uav\gcs\unist_gcs-qt5.9.3\build\obj\qrc_qgcresources.obj
d:\uav\gcs\unist_gcs-qt5.9.3\build\obj\qrc_unittest.obj
d:\uav\gcs\unist_gcs-qt5.9.3\build\obj\qrc_px4resources.obj
d:\uav\gcs\unist_gcs-qt5.9.3\build\obj\qrc_hackfiledialog.obj
d:\uav\gcs\unist_gcs-qt5.9.3\build\obj\qrc_apmresources.obj
d:\uav\gcs\unist_gcs-qt5.9.3\build\obj\moc_qwt_wheel.obj
d:\uav\gcs\unist_gcs-qt5.9.3\build\obj\moc_qwt_thermo.obj
d:\uav\gcs\unist_gcs-qt5.9.3\build\obj\moc_qwt_text_label.obj
d:\uav\gcs\unist_gcs-qt5.9.3\build\obj\moc_qwt_slider.obj
d:\uav\gcs\unist_gcs-qt5.9.3\build\obj\moc_qwt_scale_widget.obj
d:\uav\gcs\unist_gcs-qt5.9.3\build\obj\moc_qwt_plot_zoomer.obj
d:\uav\gcs\unist_gcs-qt5.9.3\build\obj\moc_qwt_plot_picker.obj
d:\uav\gcs\unist_gcs-qt5.9.3\build\obj\moc_qwt_plot_panner.obj
d:\uav\gcs\unist_gcs-qt5.9.3\build\obj\moc_qwt_plot_magnifier.obj
d:\uav\gcs\unist_gcs-qt5.9.3\build\obj\moc_qwt_plot_canvas.obj
d:\uav\gcs\unist_gcs-qt5.9.3\build\obj\moc_qwt_plot.obj
d:\uav\gcs\unist_gcs-qt5.9.3\build\moc\moc_adsbvehicle.cpp
d:\uav\gcs\unist_gcs-qt5.9.3\build\moc\moc_apmairframecomponent.cpp
d:\uav\gcs\unist_gcs-qt5.9.3\build\moc\moc_apmairframecomponentcontroller.cpp
d:\uav\gcs\unist_gcs-qt5.9.3\build\moc\moc_apmairframeloader.cpp
d:\uav\gcs\unist_gcs-qt5.9.3\build\moc\moc_apmautopilotplugin.cpp
d:\uav\gcs\unist_gcs-qt5.9.3\build\moc\moc_apmcameracomponent.cpp
d:\uav\gcs\unist_gcs-qt5.9.3\build\moc\moc_apmcompasscal.cpp
d:\uav\gcs\unist_gcs-qt5.9.3\build\moc\moc_apmfirmwareplugin.cpp
d:\uav\gcs\unist_gcs-qt5.9.3\build\moc\moc_apmfirmwarepluginfactory.cpp
d:\uav\gcs\unist_gcs-qt5.9.3\build\moc\moc_apmflightmodescomponent.cpp
d:\uav\gcs\unist_gcs-qt5.9.3\build\moc\moc_apmflightmodescomponentcontroller.cpp
d:\uav\gcs\unist_gcs-qt5.9.3\build\moc\moc_apmlightscomponent.cpp
d:\uav\gcs\unist_gcs-qt5.9.3\build\moc\moc_apmparametermetadata.cpp
d:\uav\gcs\unist_gcs-qt5.9.3\build\moc\moc_apmpowercomponent.cpp
d:\uav\gcs\unist_gcs-qt5.9.3\build\moc\moc_apmradiocomponent.cpp
d:\uav\gcs\unist_gcs-qt5.9.3\build\moc\moc_apmsafetycomponent.cpp
d:\uav\gcs\unist_gcs-qt5.9.3\build\moc\moc_apmsensorscomponent.cpp
d:\uav\gcs\unist_gcs-qt5.9.3\build\moc\moc_apmsensorscomponentcontroller.cpp
d:\uav\gcs\unist_gcs-qt5.9.3\build\moc\moc_apmsubframecomponent.cpp
d:\uav\gcs\unist_gcs-qt5.9.3\build\moc\moc_apmtuningcomponent.cpp
d:\uav\gcs\unist_gcs-qt5.9.3\build\moc\moc_airframecomponent.cpp
d:\uav\gcs\unist_gcs-qt5.9.3\build\moc\moc_airframecomponentcontroller.cpp
d:\uav\gcs\unist_gcs-qt5.9.3\build\moc\moc_appmessages.cpp
d:\uav\gcs\unist_gcs-qt5.9.3\build\moc\moc_appsettings.cpp
d:\uav\gcs\unist_gcs-qt5.9.3\build\moc\moc_arducopterfirmwareplugin.cpp
d:\uav\gcs\unist_gcs-qt5.9.3\build\moc\moc_arduplanefirmwareplugin.cpp
d:\uav\gcs\unist_gcs-qt5.9.3\build\moc\moc_arduroverfirmwareplugin.cpp
d:\uav\gcs\unist_gcs-qt5.9.3\build\moc\moc_ardusubfirmwareplugin.cpp
d:\uav\gcs\unist_gcs-qt5.9.3\build\moc\moc_audiooutput.cpp
d:\uav\gcs\unist_gcs-qt5.9.3\build\moc\moc_audiooutputtest.cpp
d:\uav\gcs\unist_gcs-qt5.9.3\build\moc\moc_autoconnectsettings.cpp
d:\uav\gcs\unist_gcs-qt5.9.3\build\moc\moc_autopilotplugin.cpp
d:\uav\gcs\unist_gcs-qt5.9.3\build\moc\moc_bootloader.cpp
d:\uav\gcs\unist_gcs-qt5.9.3\build\moc\moc_brandimagesettings.cpp
d:\uav\gcs\unist_gcs-qt5.9.3\build\moc\moc_cameracalc.cpp
d:\uav\gcs\unist_gcs-qt5.9.3\build\moc\moc_cameracalctest.cpp
d:\uav\gcs\unist_gcs-qt5.9.3\build\moc\moc_cameracomponent.cpp
d:\uav\gcs\unist_gcs-qt5.9.3\build\moc\moc_camerametadata.cpp
d:\uav\gcs\unist_gcs-qt5.9.3\build\moc\moc_camerasection.cpp
d:\uav\gcs\unist_gcs-qt5.9.3\build\moc\moc_camerasectiontest.cpp
d:\uav\gcs\unist_gcs-qt5.9.3\build\moc\moc_cameraspec.cpp
d:\uav\gcs\unist_gcs-qt5.9.3\build\moc\moc_chartplot.cpp
d:\uav\gcs\unist_gcs-qt5.9.3\build\moc\moc_complexmissionitem.cpp
d:\uav\gcs\unist_gcs-qt5.9.3\build\moc\moc_coordinatevector.cpp
d:\uav\gcs\unist_gcs-qt5.9.3\build\moc\moc_corridorscancomplexitem.cpp
d:\uav\gcs\unist_gcs-qt5.9.3\build\moc\moc_corridorscancomplexitemtest.cpp
d:\uav\gcs\unist_gcs-qt5.9.3\build\moc\moc_customcommandwidget.cpp
d:\uav\gcs\unist_gcs-qt5.9.3\build\moc\moc_customcommandwidgetcontroller.cpp
d:\uav\gcs\unist_gcs-qt5.9.3\build\moc\moc_esp8266component.cpp
d:\uav\gcs\unist_gcs-qt5.9.3\build\moc\moc_esp8266componentcontroller.cpp
d:\uav\gcs\unist_gcs-qt5.9.3\build\moc\moc_editpositiondialogcontroller.cpp
d:\uav\gcs\unist_gcs-qt5.9.3\build\moc\moc_fact.cpp
d:\uav\gcs\unist_gcs-qt5.9.3\build\moc\moc_factgroup.cpp
d:\uav\gcs\unist_gcs-qt5.9.3\build\moc\moc_factmetadata.cpp
d:\uav\gcs\unist_gcs-qt5.9.3\build\moc\moc_factpanelcontroller.cpp
d:\uav\gcs\unist_gcs-qt5.9.3\build\moc\moc_factsystem.cpp
d:\uav\gcs\unist_gcs-qt5.9.3\build\moc\moc_factsystemtestbase.cpp
d:\uav\gcs\unist_gcs-qt5.9.3\build\moc\moc_factsystemtestgeneric.cpp
d:\uav\gcs\unist_gcs-qt5.9.3\build\moc\moc_factsystemtestpx4.cpp
d:\uav\gcs\unist_gcs-qt5.9.3\build\moc\moc_factvaluesliderlistmodel.cpp
d:\uav\gcs\unist_gcs-qt5.9.3\build\moc\moc_filedialogtest.cpp
d:\uav\gcs\unist_gcs-qt5.9.3\build\moc\moc_filemanager.cpp
d:\uav\gcs\unist_gcs-qt5.9.3\build\moc\moc_filemanagertest.cpp
d:\uav\gcs\unist_gcs-qt5.9.3\build\moc\moc_firmwareimage.cpp
d:\uav\gcs\unist_gcs-qt5.9.3\build\moc\moc_firmwareplugin.cpp
d:\uav\gcs\unist_gcs-qt5.9.3\build\moc\moc_firmwarepluginmanager.cpp
d:\uav\gcs\unist_gcs-qt5.9.3\build\moc\moc_firmwareupgradecontroller.cpp
d:\uav\gcs\unist_gcs-qt5.9.3\build\moc\moc_fixedwinglandingcomplexitem.cpp
d:\uav\gcs\unist_gcs-qt5.9.3\build\moc\moc_flightgeartest.cpp
d:\uav\gcs\unist_gcs-qt5.9.3\build\moc\moc_flightmapsettings.cpp
d:\uav\gcs\unist_gcs-qt5.9.3\build\moc\moc_flightmodescomponent.cpp
d:\uav\gcs\unist_gcs-qt5.9.3\build\moc\moc_followme.cpp
d:\uav\gcs\unist_gcs-qt5.9.3\build\moc\moc_gpsmanager.cpp
d:\uav\gcs\unist_gcs-qt5.9.3\build\moc\moc_gpsprovider.cpp
d:\uav\gcs\unist_gcs-qt5.9.3\build\moc\moc_gpsrtkfactgroup.cpp
d:\uav\gcs\unist_gcs-qt5.9.3\build\moc\moc_genericautopilotplugin.cpp
d:\uav\gcs\unist_gcs-qt5.9.3\build\moc\moc_geofencecontroller.cpp
d:\uav\gcs\unist_gcs-qt5.9.3\build\moc\moc_geofencemanager.cpp
d:\uav\gcs\unist_gcs-qt5.9.3\build\moc\moc_geotagcontroller.cpp
d:\uav\gcs\unist_gcs-qt5.9.3\build\moc\moc_geotest.cpp
d:\uav\gcs\unist_gcs-qt5.9.3\build\moc\moc_guidedsettings.cpp
d:\uav\gcs\unist_gcs-qt5.9.3\build\moc\moc_hildockwidget.cpp
d:\uav\gcs\unist_gcs-qt5.9.3\build\moc\moc_heartbeattimer.cpp
d:\uav\gcs\unist_gcs-qt5.9.3\build\moc\moc_incrementalplot.cpp
d:\uav\gcs\unist_gcs-qt5.9.3\build\moc\moc_joystick.cpp
d:\uav\gcs\unist_gcs-qt5.9.3\build\moc\moc_joystickconfigcontroller.cpp
d:\uav\gcs\unist_gcs-qt5.9.3\build\moc\moc_joystickmanager.cpp
d:\uav\gcs\unist_gcs-qt5.9.3\build\moc\moc_kmlfilehelper.cpp
d:\uav\gcs\unist_gcs-qt5.9.3\build\moc\moc_linechartplot.cpp
d:\uav\gcs\unist_gcs-qt5.9.3\build\moc\moc_linechartwidget.cpp
d:\uav\gcs\unist_gcs-qt5.9.3\build\moc\moc_linecharts.cpp
d:\uav\gcs\unist_gcs-qt5.9.3\build\moc\moc_linkconfiguration.cpp
d:\uav\gcs\unist_gcs-qt5.9.3\build\moc\moc_linkinterface.cpp
d:\uav\gcs\unist_gcs-qt5.9.3\build\moc\moc_linkmanager.cpp
d:\uav\gcs\unist_gcs-qt5.9.3\build\moc\moc_linkmanagertest.cpp
d:\uav\gcs\unist_gcs-qt5.9.3\build\moc\moc_logcompressor.cpp
d:\uav\gcs\unist_gcs-qt5.9.3\build\moc\moc_logdownloadcontroller.cpp
d:\uav\gcs\unist_gcs-qt5.9.3\build\moc\moc_logdownloadtest.cpp
d:\uav\gcs\unist_gcs-qt5.9.3\build\moc\moc_logreplaylink.cpp
d:\uav\gcs\unist_gcs-qt5.9.3\build\moc\moc_mavlinkdecoder.cpp
d:\uav\gcs\unist_gcs-qt5.9.3\build\moc\moc_mavlinklogmanager.cpp
d:\uav\gcs\unist_gcs-qt5.9.3\build\moc\moc_mavlinkprotocol.cpp
d:\uav\gcs\unist_gcs-qt5.9.3\build\moc\moc_mainwindow.cpp
d:\uav\gcs\unist_gcs-qt5.9.3\build\moc\moc_mainwindowtest.cpp
d:\uav\gcs\unist_gcs-qt5.9.3\build\moc\moc_mavlinkconsolecontroller.cpp
d:\uav\gcs\unist_gcs-qt5.9.3\build\moc\moc_mavlinklogtest.cpp
d:\uav\gcs\unist_gcs-qt5.9.3\build\moc\moc_messageboxtest.cpp
d:\uav\gcs\unist_gcs-qt5.9.3\build\moc\moc_missioncommandlist.cpp
d:\uav\gcs\unist_gcs-qt5.9.3\build\moc\moc_missioncommandtree.cpp
d:\uav\gcs\unist_gcs-qt5.9.3\build\moc\moc_missioncommandtreetest.cpp
d:\uav\gcs\unist_gcs-qt5.9.3\build\moc\moc_missioncommanduiinfo.cpp
d:\uav\gcs\unist_gcs-qt5.9.3\build\moc\moc_missioncontroller.cpp
d:\uav\gcs\unist_gcs-qt5.9.3\build\moc\moc_missioncontrollermanagertest.cpp
d:\uav\gcs\unist_gcs-qt5.9.3\build\moc\moc_missioncontrollertest.cpp
d:\uav\gcs\unist_gcs-qt5.9.3\build\moc\moc_missionitem.cpp
d:\uav\gcs\unist_gcs-qt5.9.3\build\moc\moc_missionitemtest.cpp
d:\uav\gcs\unist_gcs-qt5.9.3\build\moc\moc_missionmanager.cpp
d:\uav\gcs\unist_gcs-qt5.9.3\build\moc\moc_missionmanagertest.cpp
d:\uav\gcs\unist_gcs-qt5.9.3\build\moc\moc_missionsettingsitem.cpp
d:\uav\gcs\unist_gcs-qt5.9.3\build\moc\moc_missionsettingstest.cpp
d:\uav\gcs\unist_gcs-qt5.9.3\build\moc\moc_mocklink.cpp
d:\uav\gcs\unist_gcs-qt5.9.3\build\moc\moc_mocklinkfileserver.cpp
d:\uav\gcs\unist_gcs-qt5.9.3\build\moc\moc_mocklinkmissionitemhandler.cpp
d:\uav\gcs\unist_gcs-qt5.9.3\build\moc\moc_motorcomponent.cpp
d:\uav\gcs\unist_gcs-qt5.9.3\build\moc\moc_multisignalspy.cpp
d:\uav\gcs\unist_gcs-qt5.9.3\build\moc\moc_multivehicledockwidget.cpp
d:\uav\gcs\unist_gcs-qt5.9.3\build\moc\moc_multivehiclemanager.cpp
d:\uav\gcs\unist_gcs-qt5.9.3\build\moc\moc_px4advancedflightmodescontroller.cpp
d:\uav\gcs\unist_gcs-qt5.9.3\build\moc\moc_px4airframeloader.cpp
d:\uav\gcs\unist_gcs-qt5.9.3\build\moc\moc_px4autopilotplugin.cpp
d:\uav\gcs\unist_gcs-qt5.9.3\build\moc\moc_px4firmwareplugin.cpp
d:\uav\gcs\unist_gcs-qt5.9.3\build\moc\moc_px4firmwarepluginfactory.cpp
d:\uav\gcs\unist_gcs-qt5.9.3\build\moc\moc_px4firmwareupgradethread.cpp
d:\uav\gcs\unist_gcs-qt5.9.3\build\moc\moc_px4parametermetadata.cpp
d:\uav\gcs\unist_gcs-qt5.9.3\build\moc\moc_px4radiocomponent.cpp
d:\uav\gcs\unist_gcs-qt5.9.3\build\moc\moc_px4simpleflightmodescontroller.cpp
d:\uav\gcs\unist_gcs-qt5.9.3\build\moc\moc_px4tuningcomponent.cpp
d:\uav\gcs\unist_gcs-qt5.9.3\build\moc\moc_parametereditorcontroller.cpp
d:\uav\gcs\unist_gcs-qt5.9.3\build\moc\moc_parametermanager.cpp
d:\uav\gcs\unist_gcs-qt5.9.3\build\moc\moc_parametermanagertest.cpp
d:\uav\gcs\unist_gcs-qt5.9.3\build\moc\moc_planelementcontroller.cpp
d:\uav\gcs\unist_gcs-qt5.9.3\build\moc\moc_planmanager.cpp
d:\uav\gcs\unist_gcs-qt5.9.3\build\moc\moc_planmastercontroller.cpp
d:\uav\gcs\unist_gcs-qt5.9.3\build\moc\moc_planmastercontrollertest.cpp
d:\uav\gcs\unist_gcs-qt5.9.3\build\moc\moc_positionmanager.cpp
d:\uav\gcs\unist_gcs-qt5.9.3\build\moc\moc_powercomponent.cpp
d:\uav\gcs\unist_gcs-qt5.9.3\build\moc\moc_powercomponentcontroller.cpp
d:\uav\gcs\unist_gcs-qt5.9.3\build\moc\moc_protocolinterface.cpp
d:\uav\gcs\unist_gcs-qt5.9.3\build\moc\moc_qgc.cpp
d:\uav\gcs\unist_gcs-qt5.9.3\build\moc\moc_qgcapplication.cpp
d:\uav\gcs\unist_gcs-qt5.9.3\build\moc\moc_qgccameracontrol.cpp
d:\uav\gcs\unist_gcs-qt5.9.3\build\moc\moc_qgccameramanager.cpp
d:\uav\gcs\unist_gcs-qt5.9.3\build\moc\moc_qgccombobox.cpp
d:\uav\gcs\unist_gcs-qt5.9.3\build\moc\moc_qgccoreplugin.cpp
d:\uav\gcs\unist_gcs-qt5.9.3\build\moc\moc_qgcdockwidget.cpp
d:\uav\gcs\unist_gcs-qt5.9.3\build\moc\moc_qgcfencecircle.cpp
d:\uav\gcs\unist_gcs-qt5.9.3\build\moc\moc_qgcfencepolygon.cpp
d:\uav\gcs\unist_gcs-qt5.9.3\build\moc\moc_qgcfiledialogcontroller.cpp
d:\uav\gcs\unist_gcs-qt5.9.3\build\moc\moc_qgcfiledownload.cpp
d:\uav\gcs\unist_gcs-qt5.9.3\build\moc\moc_qgcflightgearlink.cpp
d:\uav\gcs\unist_gcs-qt5.9.3\build\moc\moc_qgchilconfiguration.cpp
d:\uav\gcs\unist_gcs-qt5.9.3\build\moc\moc_qgchilflightgearconfiguration.cpp
d:\uav\gcs\unist_gcs-qt5.9.3\build\moc\moc_qgchiljsbsimconfiguration.cpp
d:\uav\gcs\unist_gcs-qt5.9.3\build\moc\moc_qgchillink.cpp
d:\uav\gcs\unist_gcs-qt5.9.3\build\moc\moc_qgchilxplaneconfiguration.cpp
d:\uav\gcs\unist_gcs-qt5.9.3\build\moc\moc_qgcjsbsimlink.cpp
d:\uav\gcs\unist_gcs-qt5.9.3\build\moc\moc_qgcloggingcategory.cpp
d:\uav\gcs\unist_gcs-qt5.9.3\build\moc\moc_qgcmavlinkinspector.cpp
d:\uav\gcs\unist_gcs-qt5.9.3\build\moc\moc_qgcmavlinklogplayer.cpp
d:\uav\gcs\unist_gcs-qt5.9.3\build\moc\moc_qgcmapcircle.cpp
d:\uav\gcs\unist_gcs-qt5.9.3\build\moc\moc_qgcmapengine.cpp
d:\uav\gcs\unist_gcs-qt5.9.3\build\moc\moc_qgcmapenginedata.cpp
d:\uav\gcs\unist_gcs-qt5.9.3\build\moc\moc_qgcmapenginemanager.cpp
d:\uav\gcs\unist_gcs-qt5.9.3\build\moc\moc_qgcmappalette.cpp
d:\uav\gcs\unist_gcs-qt5.9.3\build\moc\moc_qgcmappolygon.cpp
d:\uav\gcs\unist_gcs-qt5.9.3\build\moc\moc_qgcmappolygontest.cpp
d:\uav\gcs\unist_gcs-qt5.9.3\build\moc\moc_qgcmappolyline.cpp
d:\uav\gcs\unist_gcs-qt5.9.3\build\moc\moc_qgcmappolylinetest.cpp
d:\uav\gcs\unist_gcs-qt5.9.3\build\moc\moc_qgcmaprctoparamdialog.cpp
d:\uav\gcs\unist_gcs-qt5.9.3\build\moc\moc_qgcmaptileset.cpp
d:\uav\gcs\unist_gcs-qt5.9.3\build\moc\moc_qgcmapurlengine.cpp
d:\uav\gcs\unist_gcs-qt5.9.3\build\moc\moc_qgcoptions.cpp
d:\uav\gcs\unist_gcs-qt5.9.3\build\moc\moc_qgcpalette.cpp
d:\uav\gcs\unist_gcs-qt5.9.3\build\moc\moc_qgcqgeocoordinate.cpp
d:\uav\gcs\unist_gcs-qt5.9.3\build\moc\moc_qgcqmlwidgetholder.cpp
d:\uav\gcs\unist_gcs-qt5.9.3\build\moc\moc_qgcquickwidget.cpp
d:\uav\gcs\unist_gcs-qt5.9.3\build\moc\moc_qgcsettings.cpp
d:\uav\gcs\unist_gcs-qt5.9.3\build\moc\moc_qgctemporaryfile.cpp
d:\uav\gcs\unist_gcs-qt5.9.3\build\moc\moc_qgctilecacheworker.cpp
d:\uav\gcs\unist_gcs-qt5.9.3\build\moc\moc_qgctoolbox.cpp
d:\uav\gcs\unist_gcs-qt5.9.3\build\moc\moc_qgcuasfileview.cpp
d:\uav\gcs\unist_gcs-qt5.9.3\build\moc\moc_qgcuasfileviewmulti.cpp
d:\uav\gcs\unist_gcs-qt5.9.3\build\moc\moc_qgcunconnectedinfowidget.cpp
d:\uav\gcs\unist_gcs-qt5.9.3\build\moc\moc_qgcxplanelink.cpp
d:\uav\gcs\unist_gcs-qt5.9.3\build\moc\moc_qgeocodereplyqgc.cpp
d:\uav\gcs\unist_gcs-qt5.9.3\build\moc\moc_qgeocodingmanagerengineqgc.cpp
d:\uav\gcs\unist_gcs-qt5.9.3\build\moc\moc_qgeomapreplyqgc.cpp
d:\uav\gcs\unist_gcs-qt5.9.3\build\moc\moc_qgeoserviceproviderpluginqgc.cpp
d:\uav\gcs\unist_gcs-qt5.9.3\build\moc\moc_qgeotilefetcherqgc.cpp
d:\uav\gcs\unist_gcs-qt5.9.3\build\moc\moc_qgeotiledmappingmanagerengineqgc.cpp
d:\uav\gcs\unist_gcs-qt5.9.3\build\moc\moc_qgroundcontrolqmlglobal.cpp
d:\uav\gcs\unist_gcs-qt5.9.3\build\moc\moc_qmlcomponentinfo.cpp
d:\uav\gcs\unist_gcs-qt5.9.3\build\moc\moc_qmlobjectlistmodel.cpp
d:\uav\gcs\unist_gcs-qt5.9.3\build\moc\moc_qmltestwidget.cpp
d:\uav\gcs\unist_gcs-qt5.9.3\build\moc\moc_rcchannelmonitorcontroller.cpp
d:\uav\gcs\unist_gcs-qt5.9.3\build\moc\moc_rtcmmavlink.cpp
d:\uav\gcs\unist_gcs-qt5.9.3\build\moc\moc_rtksettings.cpp
d:\uav\gcs\unist_gcs-qt5.9.3\build\moc\moc_radiocomponentcontroller.cpp
d:\uav\gcs\unist_gcs-qt5.9.3\build\moc\moc_radioconfigtest.cpp
d:\uav\gcs\unist_gcs-qt5.9.3\build\moc\moc_rallypoint.cpp
d:\uav\gcs\unist_gcs-qt5.9.3\build\moc\moc_rallypointcontroller.cpp
d:\uav\gcs\unist_gcs-qt5.9.3\build\moc\moc_rallypointmanager.cpp
d:\uav\gcs\unist_gcs-qt5.9.3\build\moc\moc_safetycomponent.cpp
d:\uav\gcs\unist_gcs-qt5.9.3\build\moc\moc_screentoolscontroller.cpp
d:\uav\gcs\unist_gcs-qt5.9.3\build\moc\moc_scrollzoomer.cpp
d:\uav\gcs\unist_gcs-qt5.9.3\build\moc\moc_scrollbar.cpp
d:\uav\gcs\unist_gcs-qt5.9.3\build\moc\moc_section.cpp
d:\uav\gcs\unist_gcs-qt5.9.3\build\moc\moc_sectiontest.cpp
d:\uav\gcs\unist_gcs-qt5.9.3\build\moc\moc_sendmavcommandtest.cpp
d:\uav\gcs\unist_gcs-qt5.9.3\build\moc\moc_sensorscomponent.cpp
d:\uav\gcs\unist_gcs-qt5.9.3\build\moc\moc_sensorscomponentcontroller.cpp
d:\uav\gcs\unist_gcs-qt5.9.3\build\moc\moc_seriallink.cpp
d:\uav\gcs\unist_gcs-qt5.9.3\build\moc\moc_settingsfact.cpp
d:\uav\gcs\unist_gcs-qt5.9.3\build\moc\moc_settingsgroup.cpp
d:\uav\gcs\unist_gcs-qt5.9.3\build\moc\moc_settingsmanager.cpp
d:\uav\gcs\unist_gcs-qt5.9.3\build\moc\moc_simplemissionitem.cpp
d:\uav\gcs\unist_gcs-qt5.9.3\build\moc\moc_simplemissionitemtest.cpp
d:\uav\gcs\unist_gcs-qt5.9.3\build\moc\moc_simulatedposition.cpp
d:\uav\gcs\unist_gcs-qt5.9.3\build\moc\moc_speedsection.cpp
d:\uav\gcs\unist_gcs-qt5.9.3\build\moc\moc_speedsectiontest.cpp
d:\uav\gcs\unist_gcs-qt5.9.3\build\moc\moc_structurescancomplexitem.cpp
d:\uav\gcs\unist_gcs-qt5.9.3\build\moc\moc_structurescancomplexitemtest.cpp
d:\uav\gcs\unist_gcs-qt5.9.3\build\moc\moc_surveycomplexitem.cpp
d:\uav\gcs\unist_gcs-qt5.9.3\build\moc\moc_surveycomplexitemtest.cpp
d:\uav\gcs\unist_gcs-qt5.9.3\build\moc\moc_syslinkcomponent.cpp
d:\uav\gcs\unist_gcs-qt5.9.3\build\moc\moc_syslinkcomponentcontroller.cpp
d:\uav\gcs\unist_gcs-qt5.9.3\build\moc\moc_tcplink.cpp
d:\uav\gcs\unist_gcs-qt5.9.3\build\moc\moc_tcplinktest.cpp
d:\uav\gcs\unist_gcs-qt5.9.3\build\moc\moc_tcploopbackserver.cpp
d:\uav\gcs\unist_gcs-qt5.9.3\build\moc\moc_terrainquery.cpp
d:\uav\gcs\unist_gcs-qt5.9.3\build\moc\moc_transectstylecomplexitem.cpp
d:\uav\gcs\unist_gcs-qt5.9.3\build\moc\moc_transectstylecomplexitemtest.cpp
d:\uav\gcs\unist_gcs-qt5.9.3\build\moc\moc_uas.cpp
d:\uav\gcs\unist_gcs-qt5.9.3\build\moc\moc_uasinterface.cpp
d:\uav\gcs\unist_gcs-qt5.9.3\build\moc\moc_uasmessagehandler.cpp
d:\uav\gcs\unist_gcs-qt5.9.3\build\moc\moc_udplink.cpp
d:\uav\gcs\unist_gcs-qt5.9.3\build\moc\moc_unittest.cpp
d:\uav\gcs\unist_gcs-qt5.9.3\build\moc\moc_unitssettings.cpp
d:\uav\gcs\unist_gcs-qt5.9.3\build\moc\moc_valueswidgetcontroller.cpp
d:\uav\gcs\unist_gcs-qt5.9.3\build\moc\moc_vehicle.cpp
d:\uav\gcs\unist_gcs-qt5.9.3\build\moc\moc_vehiclecomponent.cpp
d:\uav\gcs\unist_gcs-qt5.9.3\build\moc\moc_videoitem.cpp
d:\uav\gcs\unist_gcs-qt5.9.3\build\moc\moc_videomanager.cpp
d:\uav\gcs\unist_gcs-qt5.9.3\build\moc\moc_videoreceiver.cpp
d:\uav\gcs\unist_gcs-qt5.9.3\build\moc\moc_videosettings.cpp
d:\uav\gcs\unist_gcs-qt5.9.3\build\moc\moc_videosurface.cpp
d:\uav\gcs\unist_gcs-qt5.9.3\build\moc\moc_viewwidgetcontroller.cpp
d:\uav\gcs\unist_gcs-qt5.9.3\build\moc\moc_visualmissionitem.cpp
d:\uav\gcs\unist_gcs-qt5.9.3\build\moc\moc_visualmissionitemtest.cpp
d:\uav\gcs\unist_gcs-qt5.9.3\build\moc\moc_qwt_abstract_legend.cpp
d:\uav\gcs\unist_gcs-qt5.9.3\build\moc\moc_qwt_abstract_scale.cpp
d:\uav\gcs\unist_gcs-qt5.9.3\build\moc\moc_qwt_abstract_slider.cpp
d:\uav\gcs\unist_gcs-qt5.9.3\build\moc\moc_qwt_analog_clock.cpp
d:\uav\gcs\unist_gcs-qt5.9.3\build\moc\moc_qwt_compass.cpp
d:\uav\gcs\unist_gcs-qt5.9.3\build\moc\moc_qwt_counter.cpp
d:\uav\gcs\unist_gcs-qt5.9.3\build\moc\moc_qwt_dial.cpp
d:\uav\gcs\unist_gcs-qt5.9.3\build\moc\moc_qwt_dyngrid_layout.cpp
d:\uav\gcs\unist_gcs-qt5.9.3\build\moc\moc_qwt_knob.cpp
d:\uav\gcs\unist_gcs-qt5.9.3\build\moc\moc_qwt_legend.cpp
d:\uav\gcs\unist_gcs-qt5.9.3\build\moc\moc_qwt_legend_label.cpp
d:\uav\gcs\unist_gcs-qt5.9.3\build\moc\moc_qwt_magnifier.cpp
d:\uav\gcs\unist_gcs-qt5.9.3\build\moc\moc_qwt_panner.cpp
d:\uav\gcs\unist_gcs-qt5.9.3\build\moc\moc_qwt_picker.cpp
d:\uav\gcs\unist_gcs-qt5.9.3\build\moc\moc_qwt_plot.cpp
d:\uav\gcs\unist_gcs-qt5.9.3\build\moc\moc_qwt_plot_canvas.cpp
d:\uav\gcs\unist_gcs-qt5.9.3\build\moc\moc_qwt_plot_magnifier.cpp
d:\uav\gcs\unist_gcs-qt5.9.3\build\moc\moc_qwt_plot_panner.cpp
d:\uav\gcs\unist_gcs-qt5.9.3\build\moc\moc_qwt_plot_picker.cpp
d:\uav\gcs\unist_gcs-qt5.9.3\build\moc\moc_qwt_plot_zoomer.cpp
d:\uav\gcs\unist_gcs-qt5.9.3\build\moc\moc_qwt_scale_widget.cpp
d:\uav\gcs\unist_gcs-qt5.9.3\build\moc\moc_qwt_slider.cpp
d:\uav\gcs\unist_gcs-qt5.9.3\build\moc\moc_qwt_text_label.cpp
d:\uav\gcs\unist_gcs-qt5.9.3\build\moc\moc_qwt_thermo.cpp
d:\uav\gcs\unist_gcs-qt5.9.3\build\moc\moc_qwt_wheel.cpp
d:\uav\gcs\unist_gcs-qt5.9.3\src\stable_headers.h.cpp
d:\uav\gcs\unist_gcs-qt5.9.3\build\moc\moc_predefs.h
d:\uav\gcs\unist_gcs-qt5.9.3\build\ui\ui_linechart.h
d:\uav\gcs\unist_gcs-qt5.9.3\build\ui\ui_mainwindow.h
d:\uav\gcs\unist_gcs-qt5.9.3\build\ui\ui_multivehicledockwidget.h
d:\uav\gcs\unist_gcs-qt5.9.3\build\ui\ui_qgchilconfiguration.h
d:\uav\gcs\unist_gcs-qt5.9.3\build\ui\ui_qgchilflightgearconfiguration.h
d:\uav\gcs\unist_gcs-qt5.9.3\build\ui\ui_qgchiljsbsimconfiguration.h
d:\uav\gcs\unist_gcs-qt5.9.3\build\ui\ui_qgchilxplaneconfiguration.h
d:\uav\gcs\unist_gcs-qt5.9.3\build\ui\ui_qgcmavlinkinspector.h
d:\uav\gcs\unist_gcs-qt5.9.3\build\ui\ui_qgcmavlinklogplayer.h
d:\uav\gcs\unist_gcs-qt5.9.3\build\ui\ui_qgcmaprctoparamdialog.h
d:\uav\gcs\unist_gcs-qt5.9.3\build\ui\ui_qgcqmlwidgetholder.h
d:\uav\gcs\unist_gcs-qt5.9.3\build\ui\ui_qgcuasfileview.h
d:\uav\gcs\unist_gcs-qt5.9.3\build\ui\ui_qgcuasfileviewmulti.h
d:\uav\gcs\unist_gcs-qt5.9.3\build\ui\ui_qgcunconnectedinfowidget.h
d:\uav\gcs\unist_gcs-qt5.9.3\build\rcc\qrc_apmresources.cpp
d:\uav\gcs\unist_gcs-qt5.9.3\build\rcc\qrc_hackfiledialog.cpp
d:\uav\gcs\unist_gcs-qt5.9.3\build\rcc\qrc_px4resources.cpp
d:\uav\gcs\unist_gcs-qt5.9.3\build\rcc\qrc_unittest.cpp
d:\uav\gcs\unist_gcs-qt5.9.3\build\rcc\qrc_qgcresources.cpp
d:\uav\gcs\unist_gcs-qt5.9.3\build\rcc\qrc_qgroundcontrol.cpp
d:\uav\gcs\unist_gcs-qt5.9.3\build\debug\qgroundcontrol.ilk
d:\uav\gcs\unist_gcs-qt5.9.3\build\debug\qgroundcontrol.exe
d:\uav\gcs\unist_gcs-qt5.9.3\build\debug\qgroundcontrol.pdb
d:\uav\gcs\unist_gcs-qt5.9.3\build\debug\qgroundcontrol.lib
d:\uav\gcs\unist_gcs-qt5.9.3\build\debug\qgroundcontrol.exp
d:\uav\gcs\unist_gcs-qt5.9.3\build\obj\qgroundcontrol_resource.res
d:\uav\gcs\unist_gcs-qt5.9.3\build\obj\qgroundcontrol.tlog\cl.command.1.tlog
d:\uav\gcs\unist_gcs-qt5.9.3\build\obj\qgroundcontrol.tlog\cl.read.1.tlog
d:\uav\gcs\unist_gcs-qt5.9.3\build\obj\qgroundcontrol.tlog\cl.write.1.tlog
d:\uav\gcs\unist_gcs-qt5.9.3\build\obj\qgroundcontrol.tlog\custombuild.command.1.tlog
d:\uav\gcs\unist_gcs-qt5.9.3\build\obj\qgroundcontrol.tlog\custombuild.read.1.tlog
d:\uav\gcs\unist_gcs-qt5.9.3\build\obj\qgroundcontrol.tlog\custombuild.write.1.tlog
d:\uav\gcs\unist_gcs-qt5.9.3\build\obj\qgroundcontrol.tlog\link.command.1.tlog
d:\uav\gcs\unist_gcs-qt5.9.3\build\obj\qgroundcontrol.tlog\link.read.1.tlog
d:\uav\gcs\unist_gcs-qt5.9.3\build\obj\qgroundcontrol.tlog\link.write.1.tlog
d:\uav\gcs\unist_gcs-qt5.9.3\build\obj\qgroundcontrol.tlog\qgroundcontrol.write.1u.tlog
d:\uav\gcs\unist_gcs-qt5.9.3\build\obj\qgroundcontrol.tlog\rc.command.1.tlog
d:\uav\gcs\unist_gcs-qt5.9.3\build\obj\qgroundcontrol.tlog\rc.read.1.tlog
d:\uav\gcs\unist_gcs-qt5.9.3\build\obj\qgroundcontrol.tlog\rc.write.1.tlog
